{"/home/lantum/Desktop/Projects/atcms-backend/src/config/db.js": {"path":"/home/lantum/Desktop/Projects/atcms-backend/src/config/db.js","statementMap":{"0":{"start":{"line":2,"column":17},"end":{"line":2,"column":36}},"1":{"start":{"line":3,"column":15},"end":{"line":3,"column":41}},"2":{"start":{"line":5,"column":18},"end":{"line":24,"column":1}},"3":{"start":{"line":6,"column":2},"end":{"line":23,"column":3}},"4":{"start":{"line":9,"column":29},"end":{"line":9,"column":57}},"5":{"start":{"line":11,"column":4},"end":{"line":13,"column":5}},"6":{"start":{"line":12,"column":6},"end":{"line":12,"column":13}},"7":{"start":{"line":15,"column":4},"end":{"line":15,"column":45}},"8":{"start":{"line":16,"column":4},"end":{"line":16,"column":50}},"9":{"start":{"line":18,"column":4},"end":{"line":18,"column":63}},"10":{"start":{"line":20,"column":4},"end":{"line":22,"column":5}},"11":{"start":{"line":21,"column":6},"end":{"line":21,"column":22}},"12":{"start":{"line":26,"column":0},"end":{"line":26,"column":27}}},"fnMap":{"0":{"name":"(anonymous_0)","decl":{"start":{"line":5,"column":18},"end":{"line":5,"column":19}},"loc":{"start":{"line":5,"column":33},"end":{"line":24,"column":1}},"line":5}},"branchMap":{"0":{"loc":{"start":{"line":9,"column":29},"end":{"line":9,"column":57}},"type":"binary-expr","locations":[{"start":{"line":9,"column":29},"end":{"line":9,"column":32}},{"start":{"line":9,"column":36},"end":{"line":9,"column":57}}],"line":9},"1":{"loc":{"start":{"line":11,"column":4},"end":{"line":13,"column":5}},"type":"if","locations":[{"start":{"line":11,"column":4},"end":{"line":13,"column":5}},{"start":{},"end":{}}],"line":11},"2":{"loc":{"start":{"line":20,"column":4},"end":{"line":22,"column":5}},"type":"if","locations":[{"start":{"line":20,"column":4},"end":{"line":22,"column":5}},{"start":{},"end":{}}],"line":20}},"s":{"0":0,"1":0,"2":0,"3":0,"4":0,"5":0,"6":0,"7":0,"8":0,"9":0,"10":0,"11":0,"12":0},"f":{"0":0},"b":{"0":[0,0],"1":[0,0],"2":[0,0]}}
,"/home/lantum/Desktop/Projects/atcms-backend/src/config/jwt.js": {"path":"/home/lantum/Desktop/Projects/atcms-backend/src/config/jwt.js","statementMap":{"0":{"start":{"line":2,"column":12},"end":{"line":2,"column":35}},"1":{"start":{"line":4,"column":22},"end":{"line":14,"column":1}},"2":{"start":{"line":5,"column":2},"end":{"line":13,"column":4}},"3":{"start":{"line":16,"column":20},"end":{"line":18,"column":1}},"4":{"start":{"line":17,"column":2},"end":{"line":17,"column":51}},"5":{"start":{"line":20,"column":0},"end":{"line":20,"column":48}}},"fnMap":{"0":{"name":"(anonymous_0)","decl":{"start":{"line":4,"column":22},"end":{"line":4,"column":23}},"loc":{"start":{"line":4,"column":32},"end":{"line":14,"column":1}},"line":4},"1":{"name":"(anonymous_1)","decl":{"start":{"line":16,"column":20},"end":{"line":16,"column":21}},"loc":{"start":{"line":16,"column":31},"end":{"line":18,"column":1}},"line":16}},"branchMap":{},"s":{"0":1,"1":1,"2":0,"3":1,"4":0,"5":1},"f":{"0":0,"1":0},"b":{},"_coverageSchema":"1a1c01bbd47fc00a2c39e90264f33305004495a9","hash":"ee4bdd38a360222bcfbde99f798f4564daa6ff7f"}
,"/home/lantum/Desktop/Projects/atcms-backend/src/controllers/authController.js": {"path":"/home/lantum/Desktop/Projects/atcms-backend/src/controllers/authController.js","statementMap":{"0":{"start":{"line":2,"column":13},"end":{"line":2,"column":43}},"1":{"start":{"line":3,"column":26},"end":{"line":3,"column":50}},"2":{"start":{"line":4,"column":29},"end":{"line":4,"column":57}},"3":{"start":{"line":7,"column":0},"end":{"line":49,"column":2}},"4":{"start":{"line":8,"column":2},"end":{"line":48,"column":3}},"5":{"start":{"line":10,"column":19},"end":{"line":10,"column":40}},"6":{"start":{"line":11,"column":4},"end":{"line":13,"column":5}},"7":{"start":{"line":12,"column":6},"end":{"line":12,"column":101}},"8":{"start":{"line":14,"column":74},"end":{"line":14,"column":82}},"9":{"start":{"line":16,"column":21},"end":{"line":16,"column":76}},"10":{"start":{"line":17,"column":4},"end":{"line":19,"column":5}},"11":{"start":{"line":18,"column":6},"end":{"line":18,"column":114}},"12":{"start":{"line":20,"column":17},"end":{"line":30,"column":6}},"13":{"start":{"line":31,"column":4},"end":{"line":31,"column":22}},"14":{"start":{"line":33,"column":18},"end":{"line":33,"column":37}},"15":{"start":{"line":34,"column":4},"end":{"line":45,"column":7}},"16":{"start":{"line":47,"column":4},"end":{"line":47,"column":85}},"17":{"start":{"line":52,"column":0},"end":{"line":89,"column":2}},"18":{"start":{"line":53,"column":2},"end":{"line":88,"column":3}},"19":{"start":{"line":54,"column":19},"end":{"line":54,"column":40}},"20":{"start":{"line":55,"column":4},"end":{"line":57,"column":5}},"21":{"start":{"line":56,"column":6},"end":{"line":56,"column":101}},"22":{"start":{"line":58,"column":37},"end":{"line":58,"column":45}},"23":{"start":{"line":59,"column":17},"end":{"line":62,"column":28}},"24":{"start":{"line":63,"column":4},"end":{"line":65,"column":5}},"25":{"start":{"line":64,"column":6},"end":{"line":64,"column":104}},"26":{"start":{"line":66,"column":4},"end":{"line":68,"column":5}},"27":{"start":{"line":67,"column":6},"end":{"line":67,"column":98}},"28":{"start":{"line":69,"column":20},"end":{"line":69,"column":56}},"29":{"start":{"line":70,"column":4},"end":{"line":72,"column":5}},"30":{"start":{"line":71,"column":6},"end":{"line":71,"column":104}},"31":{"start":{"line":73,"column":18},"end":{"line":73,"column":37}},"32":{"start":{"line":74,"column":4},"end":{"line":85,"column":7}},"33":{"start":{"line":87,"column":4},"end":{"line":87,"column":85}},"34":{"start":{"line":92,"column":0},"end":{"line":141,"column":2}},"35":{"start":{"line":93,"column":2},"end":{"line":140,"column":3}},"36":{"start":{"line":95,"column":19},"end":{"line":95,"column":40}},"37":{"start":{"line":96,"column":4},"end":{"line":98,"column":5}},"38":{"start":{"line":97,"column":6},"end":{"line":97,"column":101}},"39":{"start":{"line":99,"column":88},"end":{"line":99,"column":96}},"40":{"start":{"line":101,"column":25},"end":{"line":101,"column":67}},"41":{"start":{"line":102,"column":4},"end":{"line":104,"column":5}},"42":{"start":{"line":103,"column":6},"end":{"line":103,"column":101}},"43":{"start":{"line":106,"column":21},"end":{"line":106,"column":76}},"44":{"start":{"line":107,"column":4},"end":{"line":109,"column":5}},"45":{"start":{"line":108,"column":6},"end":{"line":108,"column":114}},"46":{"start":{"line":111,"column":4},"end":{"line":113,"column":5}},"47":{"start":{"line":112,"column":6},"end":{"line":112,"column":131}},"48":{"start":{"line":114,"column":17},"end":{"line":124,"column":6}},"49":{"start":{"line":125,"column":4},"end":{"line":125,"column":22}},"50":{"start":{"line":127,"column":4},"end":{"line":137,"column":7}},"51":{"start":{"line":139,"column":4},"end":{"line":139,"column":85}}},"fnMap":{"0":{"name":"(anonymous_0)","decl":{"start":{"line":7,"column":19},"end":{"line":7,"column":20}},"loc":{"start":{"line":7,"column":39},"end":{"line":49,"column":1}},"line":7},"1":{"name":"(anonymous_1)","decl":{"start":{"line":52,"column":16},"end":{"line":52,"column":17}},"loc":{"start":{"line":52,"column":36},"end":{"line":89,"column":1}},"line":52},"2":{"name":"(anonymous_2)","decl":{"start":{"line":92,"column":26},"end":{"line":92,"column":27}},"loc":{"start":{"line":92,"column":46},"end":{"line":141,"column":1}},"line":92}},"branchMap":{"0":{"loc":{"start":{"line":11,"column":4},"end":{"line":13,"column":5}},"type":"if","locations":[{"start":{"line":11,"column":4},"end":{"line":13,"column":5}},{"start":{},"end":{}}],"line":11},"1":{"loc":{"start":{"line":17,"column":4},"end":{"line":19,"column":5}},"type":"if","locations":[{"start":{"line":17,"column":4},"end":{"line":19,"column":5}},{"start":{},"end":{}}],"line":17},"2":{"loc":{"start":{"line":55,"column":4},"end":{"line":57,"column":5}},"type":"if","locations":[{"start":{"line":55,"column":4},"end":{"line":57,"column":5}},{"start":{},"end":{}}],"line":55},"3":{"loc":{"start":{"line":63,"column":4},"end":{"line":65,"column":5}},"type":"if","locations":[{"start":{"line":63,"column":4},"end":{"line":65,"column":5}},{"start":{},"end":{}}],"line":63},"4":{"loc":{"start":{"line":66,"column":4},"end":{"line":68,"column":5}},"type":"if","locations":[{"start":{"line":66,"column":4},"end":{"line":68,"column":5}},{"start":{},"end":{}}],"line":66},"5":{"loc":{"start":{"line":70,"column":4},"end":{"line":72,"column":5}},"type":"if","locations":[{"start":{"line":70,"column":4},"end":{"line":72,"column":5}},{"start":{},"end":{}}],"line":70},"6":{"loc":{"start":{"line":96,"column":4},"end":{"line":98,"column":5}},"type":"if","locations":[{"start":{"line":96,"column":4},"end":{"line":98,"column":5}},{"start":{},"end":{}}],"line":96},"7":{"loc":{"start":{"line":102,"column":4},"end":{"line":104,"column":5}},"type":"if","locations":[{"start":{"line":102,"column":4},"end":{"line":104,"column":5}},{"start":{},"end":{}}],"line":102},"8":{"loc":{"start":{"line":107,"column":4},"end":{"line":109,"column":5}},"type":"if","locations":[{"start":{"line":107,"column":4},"end":{"line":109,"column":5}},{"start":{},"end":{}}],"line":107},"9":{"loc":{"start":{"line":111,"column":4},"end":{"line":113,"column":5}},"type":"if","locations":[{"start":{"line":111,"column":4},"end":{"line":113,"column":5}},{"start":{},"end":{}}],"line":111},"10":{"loc":{"start":{"line":111,"column":8},"end":{"line":111,"column":82}},"type":"binary-expr","locations":[{"start":{"line":111,"column":8},"end":{"line":111,"column":56}},{"start":{"line":111,"column":61},"end":{"line":111,"column":69}},{"start":{"line":111,"column":73},"end":{"line":111,"column":81}}],"line":111},"11":{"loc":{"start":{"line":123,"column":14},"end":{"line":123,"column":32}},"type":"binary-expr","locations":[{"start":{"line":123,"column":14},"end":{"line":123,"column":20}},{"start":{"line":123,"column":24},"end":{"line":123,"column":32}}],"line":123}},"s":{"0":1,"1":1,"2":1,"3":1,"4":0,"5":0,"6":0,"7":0,"8":0,"9":0,"10":0,"11":0,"12":0,"13":0,"14":0,"15":0,"16":0,"17":1,"18":0,"19":0,"20":0,"21":0,"22":0,"23":0,"24":0,"25":0,"26":0,"27":0,"28":0,"29":0,"30":0,"31":0,"32":0,"33":0,"34":1,"35":0,"36":0,"37":0,"38":0,"39":0,"40":0,"41":0,"42":0,"43":0,"44":0,"45":0,"46":0,"47":0,"48":0,"49":0,"50":0,"51":0},"f":{"0":0,"1":0,"2":0},"b":{"0":[0,0],"1":[0,0],"2":[0,0],"3":[0,0],"4":[0,0],"5":[0,0],"6":[0,0],"7":[0,0],"8":[0,0],"9":[0,0],"10":[0,0,0],"11":[0,0]},"_coverageSchema":"1a1c01bbd47fc00a2c39e90264f33305004495a9","hash":"6af7a73759654036e7a75e25800e8027c54efeb2"}
,"/home/lantum/Desktop/Projects/atcms-backend/src/controllers/complaintController.js": {"path":"/home/lantum/Desktop/Projects/atcms-backend/src/controllers/complaintController.js","statementMap":{"0":{"start":{"line":2,"column":18},"end":{"line":2,"column":53}},"1":{"start":{"line":3,"column":19},"end":{"line":3,"column":49}},"2":{"start":{"line":4,"column":15},"end":{"line":4,"column":41}},"3":{"start":{"line":7,"column":0},"end":{"line":23,"column":3}},"4":{"start":{"line":8,"column":22},"end":{"line":12,"column":6}},"5":{"start":{"line":14,"column":4},"end":{"line":16,"column":7}},"6":{"start":{"line":17,"column":4},"end":{"line":17,"column":27}},"7":{"start":{"line":19,"column":4},"end":{"line":22,"column":7}},"8":{"start":{"line":26,"column":0},"end":{"line":47,"column":3}},"9":{"start":{"line":27,"column":16},"end":{"line":27,"column":18}},"10":{"start":{"line":30,"column":4},"end":{"line":36,"column":5}},"11":{"start":{"line":31,"column":8},"end":{"line":31,"column":39}},"12":{"start":{"line":32,"column":11},"end":{"line":36,"column":5}},"13":{"start":{"line":33,"column":8},"end":{"line":33,"column":41}},"14":{"start":{"line":34,"column":11},"end":{"line":36,"column":5}},"15":{"start":{"line":35,"column":8},"end":{"line":35,"column":51}},"16":{"start":{"line":38,"column":23},"end":{"line":41,"column":27}},"17":{"start":{"line":43,"column":4},"end":{"line":46,"column":7}},"18":{"start":{"line":50,"column":0},"end":{"line":68,"column":3}},"19":{"start":{"line":51,"column":22},"end":{"line":55,"column":50}},"20":{"start":{"line":57,"column":4},"end":{"line":62,"column":5}},"21":{"start":{"line":58,"column":8},"end":{"line":61,"column":11}},"22":{"start":{"line":64,"column":4},"end":{"line":67,"column":7}},"23":{"start":{"line":71,"column":0},"end":{"line":106,"column":3}},"24":{"start":{"line":72,"column":32},"end":{"line":72,"column":40}},"25":{"start":{"line":73,"column":22},"end":{"line":73,"column":61}},"26":{"start":{"line":75,"column":4},"end":{"line":80,"column":5}},"27":{"start":{"line":76,"column":8},"end":{"line":79,"column":11}},"28":{"start":{"line":83,"column":4},"end":{"line":83,"column":40}},"29":{"start":{"line":86,"column":4},"end":{"line":91,"column":7}},"30":{"start":{"line":93,"column":4},"end":{"line":93,"column":30}},"31":{"start":{"line":96,"column":4},"end":{"line":98,"column":7}},"32":{"start":{"line":100,"column":4},"end":{"line":100,"column":27}},"33":{"start":{"line":102,"column":4},"end":{"line":105,"column":7}},"34":{"start":{"line":109,"column":0},"end":{"line":134,"column":3}},"35":{"start":{"line":110,"column":22},"end":{"line":110,"column":61}},"36":{"start":{"line":112,"column":4},"end":{"line":117,"column":5}},"37":{"start":{"line":113,"column":8},"end":{"line":116,"column":11}},"38":{"start":{"line":119,"column":4},"end":{"line":122,"column":7}},"39":{"start":{"line":124,"column":4},"end":{"line":126,"column":7}},"40":{"start":{"line":128,"column":4},"end":{"line":128,"column":27}},"41":{"start":{"line":130,"column":4},"end":{"line":133,"column":7}},"42":{"start":{"line":137,"column":0},"end":{"line":168,"column":3}},"43":{"start":{"line":138,"column":41},"end":{"line":138,"column":49}},"44":{"start":{"line":139,"column":22},"end":{"line":139,"column":61}},"45":{"start":{"line":141,"column":4},"end":{"line":146,"column":5}},"46":{"start":{"line":142,"column":8},"end":{"line":145,"column":11}},"47":{"start":{"line":148,"column":4},"end":{"line":148,"column":40}},"48":{"start":{"line":149,"column":4},"end":{"line":149,"column":35}},"49":{"start":{"line":150,"column":4},"end":{"line":150,"column":38}},"50":{"start":{"line":152,"column":4},"end":{"line":156,"column":7}},"51":{"start":{"line":158,"column":4},"end":{"line":160,"column":7}},"52":{"start":{"line":162,"column":4},"end":{"line":162,"column":27}},"53":{"start":{"line":164,"column":4},"end":{"line":167,"column":7}},"54":{"start":{"line":171,"column":0},"end":{"line":197,"column":3}},"55":{"start":{"line":172,"column":50},"end":{"line":172,"column":58}},"56":{"start":{"line":174,"column":19},"end":{"line":189,"column":5}},"57":{"start":{"line":191,"column":4},"end":{"line":196,"column":7}},"58":{"start":{"line":200,"column":0},"end":{"line":247,"column":3}},"59":{"start":{"line":201,"column":16},"end":{"line":201,"column":18}},"60":{"start":{"line":204,"column":4},"end":{"line":208,"column":5}},"61":{"start":{"line":205,"column":8},"end":{"line":205,"column":41}},"62":{"start":{"line":206,"column":11},"end":{"line":208,"column":5}},"63":{"start":{"line":207,"column":8},"end":{"line":207,"column":51}},"64":{"start":{"line":215,"column":8},"end":{"line":233,"column":6}},"65":{"start":{"line":235,"column":4},"end":{"line":246,"column":7}},"66":{"start":{"line":240,"column":16},"end":{"line":240,"column":43}},"67":{"start":{"line":241,"column":16},"end":{"line":241,"column":27}},"68":{"start":{"line":250,"column":0},"end":{"line":286,"column":3}},"69":{"start":{"line":251,"column":22},"end":{"line":251,"column":61}},"70":{"start":{"line":253,"column":4},"end":{"line":258,"column":5}},"71":{"start":{"line":254,"column":8},"end":{"line":257,"column":11}},"72":{"start":{"line":260,"column":4},"end":{"line":265,"column":5}},"73":{"start":{"line":261,"column":8},"end":{"line":264,"column":11}},"74":{"start":{"line":267,"column":18},"end":{"line":273,"column":7}},"75":{"start":{"line":267,"column":41},"end":{"line":273,"column":5}},"76":{"start":{"line":275,"column":4},"end":{"line":275,"column":43}},"77":{"start":{"line":276,"column":4},"end":{"line":278,"column":7}},"78":{"start":{"line":280,"column":4},"end":{"line":280,"column":27}},"79":{"start":{"line":282,"column":4},"end":{"line":285,"column":7}},"80":{"start":{"line":289,"column":0},"end":{"line":303,"column":3}},"81":{"start":{"line":290,"column":22},"end":{"line":290,"column":61}},"82":{"start":{"line":292,"column":4},"end":{"line":297,"column":5}},"83":{"start":{"line":293,"column":8},"end":{"line":296,"column":11}},"84":{"start":{"line":299,"column":4},"end":{"line":302,"column":7}},"85":{"start":{"line":306,"column":0},"end":{"line":331,"column":3}},"86":{"start":{"line":307,"column":22},"end":{"line":307,"column":61}},"87":{"start":{"line":309,"column":4},"end":{"line":314,"column":5}},"88":{"start":{"line":310,"column":8},"end":{"line":313,"column":11}},"89":{"start":{"line":316,"column":25},"end":{"line":316,"column":78}},"90":{"start":{"line":317,"column":4},"end":{"line":322,"column":5}},"91":{"start":{"line":318,"column":8},"end":{"line":321,"column":11}},"92":{"start":{"line":324,"column":4},"end":{"line":324,"column":29}},"93":{"start":{"line":325,"column":4},"end":{"line":325,"column":27}},"94":{"start":{"line":327,"column":4},"end":{"line":330,"column":7}}},"fnMap":{"0":{"name":"(anonymous_0)","decl":{"start":{"line":7,"column":37},"end":{"line":7,"column":38}},"loc":{"start":{"line":7,"column":57},"end":{"line":23,"column":1}},"line":7},"1":{"name":"(anonymous_1)","decl":{"start":{"line":26,"column":38},"end":{"line":26,"column":39}},"loc":{"start":{"line":26,"column":58},"end":{"line":47,"column":1}},"line":26},"2":{"name":"(anonymous_2)","decl":{"start":{"line":50,"column":38},"end":{"line":50,"column":39}},"loc":{"start":{"line":50,"column":58},"end":{"line":68,"column":1}},"line":50},"3":{"name":"(anonymous_3)","decl":{"start":{"line":71,"column":34},"end":{"line":71,"column":35}},"loc":{"start":{"line":71,"column":54},"end":{"line":106,"column":1}},"line":71},"4":{"name":"(anonymous_4)","decl":{"start":{"line":109,"column":32},"end":{"line":109,"column":33}},"loc":{"start":{"line":109,"column":52},"end":{"line":134,"column":1}},"line":109},"5":{"name":"(anonymous_5)","decl":{"start":{"line":137,"column":39},"end":{"line":137,"column":40}},"loc":{"start":{"line":137,"column":59},"end":{"line":168,"column":1}},"line":137},"6":{"name":"(anonymous_6)","decl":{"start":{"line":171,"column":43},"end":{"line":171,"column":44}},"loc":{"start":{"line":171,"column":63},"end":{"line":197,"column":1}},"line":171},"7":{"name":"(anonymous_7)","decl":{"start":{"line":200,"column":34},"end":{"line":200,"column":35}},"loc":{"start":{"line":200,"column":54},"end":{"line":247,"column":1}},"line":200},"8":{"name":"(anonymous_8)","decl":{"start":{"line":239,"column":46},"end":{"line":239,"column":47}},"loc":{"start":{"line":239,"column":61},"end":{"line":242,"column":13}},"line":239},"9":{"name":"(anonymous_9)","decl":{"start":{"line":250,"column":33},"end":{"line":250,"column":34}},"loc":{"start":{"line":250,"column":53},"end":{"line":286,"column":1}},"line":250},"10":{"name":"(anonymous_10)","decl":{"start":{"line":267,"column":32},"end":{"line":267,"column":33}},"loc":{"start":{"line":267,"column":41},"end":{"line":273,"column":5}},"line":267},"11":{"name":"(anonymous_11)","decl":{"start":{"line":289,"column":38},"end":{"line":289,"column":39}},"loc":{"start":{"line":289,"column":58},"end":{"line":303,"column":1}},"line":289},"12":{"name":"(anonymous_12)","decl":{"start":{"line":306,"column":42},"end":{"line":306,"column":43}},"loc":{"start":{"line":306,"column":62},"end":{"line":331,"column":1}},"line":306}},"branchMap":{"0":{"loc":{"start":{"line":30,"column":4},"end":{"line":36,"column":5}},"type":"if","locations":[{"start":{"line":30,"column":4},"end":{"line":36,"column":5}},{"start":{"line":32,"column":11},"end":{"line":36,"column":5}}],"line":30},"1":{"loc":{"start":{"line":32,"column":11},"end":{"line":36,"column":5}},"type":"if","locations":[{"start":{"line":32,"column":11},"end":{"line":36,"column":5}},{"start":{"line":34,"column":11},"end":{"line":36,"column":5}}],"line":32},"2":{"loc":{"start":{"line":34,"column":11},"end":{"line":36,"column":5}},"type":"if","locations":[{"start":{"line":34,"column":11},"end":{"line":36,"column":5}},{"start":{},"end":{}}],"line":34},"3":{"loc":{"start":{"line":57,"column":4},"end":{"line":62,"column":5}},"type":"if","locations":[{"start":{"line":57,"column":4},"end":{"line":62,"column":5}},{"start":{},"end":{}}],"line":57},"4":{"loc":{"start":{"line":75,"column":4},"end":{"line":80,"column":5}},"type":"if","locations":[{"start":{"line":75,"column":4},"end":{"line":80,"column":5}},{"start":{},"end":{}}],"line":75},"5":{"loc":{"start":{"line":112,"column":4},"end":{"line":117,"column":5}},"type":"if","locations":[{"start":{"line":112,"column":4},"end":{"line":117,"column":5}},{"start":{},"end":{}}],"line":112},"6":{"loc":{"start":{"line":141,"column":4},"end":{"line":146,"column":5}},"type":"if","locations":[{"start":{"line":141,"column":4},"end":{"line":146,"column":5}},{"start":{},"end":{}}],"line":141},"7":{"loc":{"start":{"line":204,"column":4},"end":{"line":208,"column":5}},"type":"if","locations":[{"start":{"line":204,"column":4},"end":{"line":208,"column":5}},{"start":{"line":206,"column":11},"end":{"line":208,"column":5}}],"line":204},"8":{"loc":{"start":{"line":206,"column":11},"end":{"line":208,"column":5}},"type":"if","locations":[{"start":{"line":206,"column":11},"end":{"line":208,"column":5}},{"start":{},"end":{}}],"line":206},"9":{"loc":{"start":{"line":253,"column":4},"end":{"line":258,"column":5}},"type":"if","locations":[{"start":{"line":253,"column":4},"end":{"line":258,"column":5}},{"start":{},"end":{}}],"line":253},"10":{"loc":{"start":{"line":260,"column":4},"end":{"line":265,"column":5}},"type":"if","locations":[{"start":{"line":260,"column":4},"end":{"line":265,"column":5}},{"start":{},"end":{}}],"line":260},"11":{"loc":{"start":{"line":260,"column":8},"end":{"line":260,"column":39}},"type":"binary-expr","locations":[{"start":{"line":260,"column":8},"end":{"line":260,"column":18}},{"start":{"line":260,"column":22},"end":{"line":260,"column":39}}],"line":260},"12":{"loc":{"start":{"line":292,"column":4},"end":{"line":297,"column":5}},"type":"if","locations":[{"start":{"line":292,"column":4},"end":{"line":297,"column":5}},{"start":{},"end":{}}],"line":292},"13":{"loc":{"start":{"line":309,"column":4},"end":{"line":314,"column":5}},"type":"if","locations":[{"start":{"line":309,"column":4},"end":{"line":314,"column":5}},{"start":{},"end":{}}],"line":309},"14":{"loc":{"start":{"line":317,"column":4},"end":{"line":322,"column":5}},"type":"if","locations":[{"start":{"line":317,"column":4},"end":{"line":322,"column":5}},{"start":{},"end":{}}],"line":317}},"s":{"0":1,"1":1,"2":1,"3":1,"4":0,"5":0,"6":0,"7":0,"8":1,"9":0,"10":0,"11":0,"12":0,"13":0,"14":0,"15":0,"16":0,"17":0,"18":1,"19":0,"20":0,"21":0,"22":0,"23":1,"24":0,"25":0,"26":0,"27":0,"28":0,"29":0,"30":0,"31":0,"32":0,"33":0,"34":1,"35":0,"36":0,"37":0,"38":0,"39":0,"40":0,"41":0,"42":1,"43":0,"44":0,"45":0,"46":0,"47":0,"48":0,"49":0,"50":0,"51":0,"52":0,"53":0,"54":1,"55":0,"56":0,"57":0,"58":1,"59":0,"60":0,"61":0,"62":0,"63":0,"64":0,"65":0,"66":0,"67":0,"68":1,"69":0,"70":0,"71":0,"72":0,"73":0,"74":0,"75":0,"76":0,"77":0,"78":0,"79":0,"80":1,"81":0,"82":0,"83":0,"84":0,"85":1,"86":0,"87":0,"88":0,"89":0,"90":0,"91":0,"92":0,"93":0,"94":0},"f":{"0":0,"1":0,"2":0,"3":0,"4":0,"5":0,"6":0,"7":0,"8":0,"9":0,"10":0,"11":0,"12":0},"b":{"0":[0,0],"1":[0,0],"2":[0,0],"3":[0,0],"4":[0,0],"5":[0,0],"6":[0,0],"7":[0,0],"8":[0,0],"9":[0,0],"10":[0,0],"11":[0,0],"12":[0,0],"13":[0,0],"14":[0,0]},"_coverageSchema":"1a1c01bbd47fc00a2c39e90264f33305004495a9","hash":"3e7f6b16e72431e4983908ed3123bd5a0aff2049"}
,"/home/lantum/Desktop/Projects/atcms-backend/src/controllers/transcriptController.js": {"path":"/home/lantum/Desktop/Projects/atcms-backend/src/controllers/transcriptController.js","statementMap":{"0":{"start":{"line":3,"column":19},"end":{"line":3,"column":49}},"1":{"start":{"line":4,"column":26},"end":{"line":4,"column":62}},"2":{"start":{"line":5,"column":13},"end":{"line":5,"column":43}},"3":{"start":{"line":6,"column":29},"end":{"line":6,"column":57}},"4":{"start":{"line":7,"column":23},"end":{"line":7,"column":60}},"5":{"start":{"line":8,"column":21},"end":{"line":8,"column":56}},"6":{"start":{"line":9,"column":19},"end":{"line":9,"column":52}},"7":{"start":{"line":10,"column":15},"end":{"line":10,"column":41}},"8":{"start":{"line":11,"column":23},"end":{"line":11,"column":60}},"9":{"start":{"line":12,"column":19},"end":{"line":12,"column":52}},"10":{"start":{"line":17,"column":0},"end":{"line":81,"column":3}},"11":{"start":{"line":19,"column":2},"end":{"line":25,"column":3}},"12":{"start":{"line":20,"column":4},"end":{"line":24,"column":7}},"13":{"start":{"line":34,"column":68},"end":{"line":34,"column":76}},"14":{"start":{"line":37,"column":15},"end":{"line":41,"column":3}},"15":{"start":{"line":42,"column":25},"end":{"line":42,"column":69}},"16":{"start":{"line":43,"column":2},"end":{"line":50,"column":3}},"17":{"start":{"line":44,"column":4},"end":{"line":49,"column":7}},"18":{"start":{"line":53,"column":2},"end":{"line":66,"column":3}},"19":{"start":{"line":54,"column":20},"end":{"line":54,"column":71}},"20":{"start":{"line":55,"column":4},"end":{"line":60,"column":5}},"21":{"start":{"line":56,"column":6},"end":{"line":59,"column":9}},"22":{"start":{"line":62,"column":4},"end":{"line":65,"column":7}},"23":{"start":{"line":69,"column":21},"end":{"line":75,"column":4}},"24":{"start":{"line":77,"column":2},"end":{"line":80,"column":5}},"25":{"start":{"line":84,"column":0},"end":{"line":100,"column":3}},"26":{"start":{"line":85,"column":2},"end":{"line":91,"column":3}},"27":{"start":{"line":86,"column":4},"end":{"line":90,"column":7}},"28":{"start":{"line":93,"column":22},"end":{"line":94,"column":27}},"29":{"start":{"line":96,"column":2},"end":{"line":99,"column":5}},"30":{"start":{"line":103,"column":0},"end":{"line":120,"column":3}},"31":{"start":{"line":104,"column":21},"end":{"line":104,"column":68}},"32":{"start":{"line":105,"column":2},"end":{"line":111,"column":3}},"33":{"start":{"line":106,"column":4},"end":{"line":110,"column":7}},"34":{"start":{"line":112,"column":2},"end":{"line":118,"column":3}},"35":{"start":{"line":113,"column":4},"end":{"line":117,"column":7}},"36":{"start":{"line":119,"column":2},"end":{"line":119,"column":52}},"37":{"start":{"line":123,"column":0},"end":{"line":154,"column":3}},"38":{"start":{"line":124,"column":21},"end":{"line":124,"column":68}},"39":{"start":{"line":125,"column":2},"end":{"line":131,"column":3}},"40":{"start":{"line":126,"column":4},"end":{"line":130,"column":7}},"41":{"start":{"line":132,"column":2},"end":{"line":138,"column":3}},"42":{"start":{"line":133,"column":4},"end":{"line":137,"column":7}},"43":{"start":{"line":139,"column":2},"end":{"line":145,"column":3}},"44":{"start":{"line":140,"column":4},"end":{"line":144,"column":7}},"45":{"start":{"line":146,"column":2},"end":{"line":152,"column":3}},"46":{"start":{"line":147,"column":4},"end":{"line":151,"column":7}},"47":{"start":{"line":153,"column":2},"end":{"line":153,"column":34}},"48":{"start":{"line":157,"column":0},"end":{"line":173,"column":3}},"49":{"start":{"line":158,"column":45},"end":{"line":158,"column":54}},"50":{"start":{"line":159,"column":16},"end":{"line":159,"column":18}},"51":{"start":{"line":160,"column":2},"end":{"line":160,"column":36}},"52":{"start":{"line":160,"column":14},"end":{"line":160,"column":36}},"53":{"start":{"line":161,"column":2},"end":{"line":161,"column":41}},"54":{"start":{"line":161,"column":12},"end":{"line":161,"column":41}},"55":{"start":{"line":162,"column":2},"end":{"line":166,"column":3}},"56":{"start":{"line":163,"column":4},"end":{"line":163,"column":29}},"57":{"start":{"line":164,"column":4},"end":{"line":164,"column":64}},"58":{"start":{"line":164,"column":18},"end":{"line":164,"column":64}},"59":{"start":{"line":165,"column":4},"end":{"line":165,"column":60}},"60":{"start":{"line":165,"column":16},"end":{"line":165,"column":60}},"61":{"start":{"line":168,"column":22},"end":{"line":170,"column":40}},"62":{"start":{"line":172,"column":2},"end":{"line":172,"column":53}},"63":{"start":{"line":176,"column":0},"end":{"line":213,"column":3}},"64":{"start":{"line":177,"column":30},"end":{"line":177,"column":38}},"65":{"start":{"line":178,"column":21},"end":{"line":178,"column":68}},"66":{"start":{"line":179,"column":2},"end":{"line":185,"column":3}},"67":{"start":{"line":180,"column":4},"end":{"line":184,"column":7}},"68":{"start":{"line":187,"column":2},"end":{"line":187,"column":29}},"69":{"start":{"line":188,"column":2},"end":{"line":193,"column":5}},"70":{"start":{"line":195,"column":2},"end":{"line":209,"column":3}},"71":{"start":{"line":196,"column":4},"end":{"line":196,"column":40}},"72":{"start":{"line":198,"column":4},"end":{"line":201,"column":5}},"73":{"start":{"line":199,"column":24},"end":{"line":199,"column":71}},"74":{"start":{"line":200,"column":6},"end":{"line":200,"column":40}},"75":{"start":{"line":202,"column":4},"end":{"line":202,"column":75}},"76":{"start":{"line":204,"column":4},"end":{"line":208,"column":5}},"77":{"start":{"line":205,"column":6},"end":{"line":205,"column":88}},"78":{"start":{"line":207,"column":6},"end":{"line":207,"column":97}},"79":{"start":{"line":211,"column":2},"end":{"line":211,"column":26}},"80":{"start":{"line":212,"column":2},"end":{"line":212,"column":52}},"81":{"start":{"line":216,"column":0},"end":{"line":263,"column":3}},"82":{"start":{"line":222,"column":6},"end":{"line":246,"column":4}},"83":{"start":{"line":248,"column":2},"end":{"line":262,"column":5}},"84":{"start":{"line":253,"column":8},"end":{"line":253,"column":35}},"85":{"start":{"line":253,"column":36},"end":{"line":253,"column":47}},"86":{"start":{"line":256,"column":8},"end":{"line":256,"column":69}},"87":{"start":{"line":256,"column":70},"end":{"line":256,"column":81}},"88":{"start":{"line":259,"column":8},"end":{"line":259,"column":48}},"89":{"start":{"line":259,"column":49},"end":{"line":259,"column":60}},"90":{"start":{"line":266,"column":0},"end":{"line":292,"column":3}},"91":{"start":{"line":267,"column":21},"end":{"line":267,"column":68}},"92":{"start":{"line":268,"column":2},"end":{"line":273,"column":3}},"93":{"start":{"line":269,"column":4},"end":{"line":272,"column":7}},"94":{"start":{"line":276,"column":20},"end":{"line":276,"column":67}},"95":{"start":{"line":277,"column":2},"end":{"line":277,"column":34}},"96":{"start":{"line":278,"column":2},"end":{"line":278,"column":57}},"97":{"start":{"line":279,"column":2},"end":{"line":279,"column":77}},"98":{"start":{"line":280,"column":2},"end":{"line":280,"column":38}},"99":{"start":{"line":281,"column":2},"end":{"line":281,"column":26}},"100":{"start":{"line":283,"column":2},"end":{"line":291,"column":5}},"101":{"start":{"line":295,"column":0},"end":{"line":310,"column":3}},"102":{"start":{"line":296,"column":21},"end":{"line":296,"column":68}},"103":{"start":{"line":297,"column":2},"end":{"line":302,"column":3}},"104":{"start":{"line":298,"column":4},"end":{"line":301,"column":7}},"105":{"start":{"line":304,"column":2},"end":{"line":304,"column":52}},"106":{"start":{"line":305,"column":2},"end":{"line":305,"column":28}},"107":{"start":{"line":306,"column":2},"end":{"line":306,"column":45}},"108":{"start":{"line":307,"column":2},"end":{"line":307,"column":26}},"109":{"start":{"line":309,"column":2},"end":{"line":309,"column":64}},"110":{"start":{"line":313,"column":0},"end":{"line":331,"column":3}},"111":{"start":{"line":314,"column":2},"end":{"line":314,"column":52}},"112":{"start":{"line":324,"column":6},"end":{"line":324,"column":14}},"113":{"start":{"line":328,"column":2},"end":{"line":328,"column":48}},"114":{"start":{"line":334,"column":0},"end":{"line":342,"column":2}},"115":{"start":{"line":335,"column":2},"end":{"line":335,"column":42}},"116":{"start":{"line":337,"column":2},"end":{"line":340,"column":3}},"117":{"start":{"line":338,"column":4},"end":{"line":338,"column":55}},"118":{"start":{"line":339,"column":4},"end":{"line":339,"column":65}}},"fnMap":{"0":{"name":"(anonymous_0)","decl":{"start":{"line":17,"column":45},"end":{"line":17,"column":46}},"loc":{"start":{"line":17,"column":65},"end":{"line":81,"column":1}},"line":17},"1":{"name":"(anonymous_1)","decl":{"start":{"line":84,"column":43},"end":{"line":84,"column":44}},"loc":{"start":{"line":84,"column":63},"end":{"line":100,"column":1}},"line":84},"2":{"name":"(anonymous_2)","decl":{"start":{"line":103,"column":39},"end":{"line":103,"column":40}},"loc":{"start":{"line":103,"column":59},"end":{"line":120,"column":1}},"line":103},"3":{"name":"(anonymous_3)","decl":{"start":{"line":123,"column":40},"end":{"line":123,"column":41}},"loc":{"start":{"line":123,"column":60},"end":{"line":154,"column":1}},"line":123},"4":{"name":"(anonymous_4)","decl":{"start":{"line":157,"column":39},"end":{"line":157,"column":40}},"loc":{"start":{"line":157,"column":59},"end":{"line":173,"column":1}},"line":157},"5":{"name":"(anonymous_5)","decl":{"start":{"line":176,"column":44},"end":{"line":176,"column":45}},"loc":{"start":{"line":176,"column":64},"end":{"line":213,"column":1}},"line":176},"6":{"name":"(anonymous_6)","decl":{"start":{"line":216,"column":35},"end":{"line":216,"column":36}},"loc":{"start":{"line":216,"column":55},"end":{"line":263,"column":1}},"line":216},"7":{"name":"(anonymous_7)","decl":{"start":{"line":252,"column":40},"end":{"line":252,"column":41}},"loc":{"start":{"line":252,"column":55},"end":{"line":254,"column":7}},"line":252},"8":{"name":"(anonymous_8)","decl":{"start":{"line":255,"column":34},"end":{"line":255,"column":35}},"loc":{"start":{"line":255,"column":49},"end":{"line":257,"column":7}},"line":255},"9":{"name":"(anonymous_9)","decl":{"start":{"line":258,"column":60},"end":{"line":258,"column":61}},"loc":{"start":{"line":258,"column":75},"end":{"line":260,"column":7}},"line":258},"10":{"name":"(anonymous_10)","decl":{"start":{"line":266,"column":44},"end":{"line":266,"column":45}},"loc":{"start":{"line":266,"column":64},"end":{"line":292,"column":1}},"line":266},"11":{"name":"(anonymous_11)","decl":{"start":{"line":295,"column":47},"end":{"line":295,"column":48}},"loc":{"start":{"line":295,"column":67},"end":{"line":310,"column":1}},"line":295},"12":{"name":"(anonymous_12)","decl":{"start":{"line":313,"column":29},"end":{"line":313,"column":30}},"loc":{"start":{"line":313,"column":55},"end":{"line":331,"column":1}},"line":313},"13":{"name":"(anonymous_13)","decl":{"start":{"line":334,"column":28},"end":{"line":334,"column":29}},"loc":{"start":{"line":334,"column":54},"end":{"line":342,"column":1}},"line":334}},"branchMap":{"0":{"loc":{"start":{"line":19,"column":2},"end":{"line":25,"column":3}},"type":"if","locations":[{"start":{"line":19,"column":2},"end":{"line":25,"column":3}},{"start":{},"end":{}}],"line":19},"1":{"loc":{"start":{"line":42,"column":25},"end":{"line":42,"column":69}},"type":"cond-expr","locations":[{"start":{"line":42,"column":41},"end":{"line":42,"column":46}},{"start":{"line":42,"column":49},"end":{"line":42,"column":69}}],"line":42},"2":{"loc":{"start":{"line":43,"column":2},"end":{"line":50,"column":3}},"type":"if","locations":[{"start":{"line":43,"column":2},"end":{"line":50,"column":3}},{"start":{},"end":{}}],"line":43},"3":{"loc":{"start":{"line":46,"column":15},"end":{"line":48,"column":118}},"type":"cond-expr","locations":[{"start":{"line":47,"column":10},"end":{"line":47,"column":79}},{"start":{"line":48,"column":10},"end":{"line":48,"column":118}}],"line":46},"4":{"loc":{"start":{"line":55,"column":4},"end":{"line":60,"column":5}},"type":"if","locations":[{"start":{"line":55,"column":4},"end":{"line":60,"column":5}},{"start":{},"end":{}}],"line":55},"5":{"loc":{"start":{"line":85,"column":2},"end":{"line":91,"column":3}},"type":"if","locations":[{"start":{"line":85,"column":2},"end":{"line":91,"column":3}},{"start":{},"end":{}}],"line":85},"6":{"loc":{"start":{"line":85,"column":6},"end":{"line":85,"column":78}},"type":"binary-expr","locations":[{"start":{"line":85,"column":6},"end":{"line":85,"column":31}},{"start":{"line":85,"column":35},"end":{"line":85,"column":78}}],"line":85},"7":{"loc":{"start":{"line":105,"column":2},"end":{"line":111,"column":3}},"type":"if","locations":[{"start":{"line":105,"column":2},"end":{"line":111,"column":3}},{"start":{},"end":{}}],"line":105},"8":{"loc":{"start":{"line":112,"column":2},"end":{"line":118,"column":3}},"type":"if","locations":[{"start":{"line":112,"column":2},"end":{"line":118,"column":3}},{"start":{},"end":{}}],"line":112},"9":{"loc":{"start":{"line":112,"column":6},"end":{"line":112,"column":78}},"type":"binary-expr","locations":[{"start":{"line":112,"column":6},"end":{"line":112,"column":31}},{"start":{"line":112,"column":35},"end":{"line":112,"column":78}}],"line":112},"10":{"loc":{"start":{"line":125,"column":2},"end":{"line":131,"column":3}},"type":"if","locations":[{"start":{"line":125,"column":2},"end":{"line":131,"column":3}},{"start":{},"end":{}}],"line":125},"11":{"loc":{"start":{"line":132,"column":2},"end":{"line":138,"column":3}},"type":"if","locations":[{"start":{"line":132,"column":2},"end":{"line":138,"column":3}},{"start":{},"end":{}}],"line":132},"12":{"loc":{"start":{"line":132,"column":6},"end":{"line":132,"column":78}},"type":"binary-expr","locations":[{"start":{"line":132,"column":6},"end":{"line":132,"column":31}},{"start":{"line":132,"column":35},"end":{"line":132,"column":78}}],"line":132},"13":{"loc":{"start":{"line":139,"column":2},"end":{"line":145,"column":3}},"type":"if","locations":[{"start":{"line":139,"column":2},"end":{"line":145,"column":3}},{"start":{},"end":{}}],"line":139},"14":{"loc":{"start":{"line":146,"column":2},"end":{"line":152,"column":3}},"type":"if","locations":[{"start":{"line":146,"column":2},"end":{"line":152,"column":3}},{"start":{},"end":{}}],"line":146},"15":{"loc":{"start":{"line":160,"column":2},"end":{"line":160,"column":36}},"type":"if","locations":[{"start":{"line":160,"column":2},"end":{"line":160,"column":36}},{"start":{},"end":{}}],"line":160},"16":{"loc":{"start":{"line":161,"column":2},"end":{"line":161,"column":41}},"type":"if","locations":[{"start":{"line":161,"column":2},"end":{"line":161,"column":41}},{"start":{},"end":{}}],"line":161},"17":{"loc":{"start":{"line":162,"column":2},"end":{"line":166,"column":3}},"type":"if","locations":[{"start":{"line":162,"column":2},"end":{"line":166,"column":3}},{"start":{},"end":{}}],"line":162},"18":{"loc":{"start":{"line":162,"column":6},"end":{"line":162,"column":24}},"type":"binary-expr","locations":[{"start":{"line":162,"column":6},"end":{"line":162,"column":14}},{"start":{"line":162,"column":18},"end":{"line":162,"column":24}}],"line":162},"19":{"loc":{"start":{"line":164,"column":4},"end":{"line":164,"column":64}},"type":"if","locations":[{"start":{"line":164,"column":4},"end":{"line":164,"column":64}},{"start":{},"end":{}}],"line":164},"20":{"loc":{"start":{"line":165,"column":4},"end":{"line":165,"column":60}},"type":"if","locations":[{"start":{"line":165,"column":4},"end":{"line":165,"column":60}},{"start":{},"end":{}}],"line":165},"21":{"loc":{"start":{"line":179,"column":2},"end":{"line":185,"column":3}},"type":"if","locations":[{"start":{"line":179,"column":2},"end":{"line":185,"column":3}},{"start":{},"end":{}}],"line":179},"22":{"loc":{"start":{"line":195,"column":2},"end":{"line":209,"column":3}},"type":"if","locations":[{"start":{"line":195,"column":2},"end":{"line":209,"column":3}},{"start":{},"end":{}}],"line":195},"23":{"loc":{"start":{"line":198,"column":4},"end":{"line":201,"column":5}},"type":"if","locations":[{"start":{"line":198,"column":4},"end":{"line":201,"column":5}},{"start":{},"end":{}}],"line":198},"24":{"loc":{"start":{"line":204,"column":4},"end":{"line":208,"column":5}},"type":"if","locations":[{"start":{"line":204,"column":4},"end":{"line":208,"column":5}},{"start":{"line":206,"column":11},"end":{"line":208,"column":5}}],"line":204},"25":{"loc":{"start":{"line":268,"column":2},"end":{"line":273,"column":3}},"type":"if","locations":[{"start":{"line":268,"column":2},"end":{"line":273,"column":3}},{"start":{},"end":{}}],"line":268},"26":{"loc":{"start":{"line":278,"column":27},"end":{"line":278,"column":56}},"type":"binary-expr","locations":[{"start":{"line":278,"column":27},"end":{"line":278,"column":43}},{"start":{"line":278,"column":47},"end":{"line":278,"column":56}}],"line":278},"27":{"loc":{"start":{"line":279,"column":22},"end":{"line":279,"column":76}},"type":"binary-expr","locations":[{"start":{"line":279,"column":22},"end":{"line":279,"column":35}},{"start":{"line":279,"column":39},"end":{"line":279,"column":55}},{"start":{"line":279,"column":59},"end":{"line":279,"column":76}}],"line":279},"28":{"loc":{"start":{"line":297,"column":2},"end":{"line":302,"column":3}},"type":"if","locations":[{"start":{"line":297,"column":2},"end":{"line":302,"column":3}},{"start":{},"end":{}}],"line":297},"29":{"loc":{"start":{"line":337,"column":2},"end":{"line":340,"column":3}},"type":"if","locations":[{"start":{"line":337,"column":2},"end":{"line":340,"column":3}},{"start":{},"end":{}}],"line":337}},"s":{"0":1,"1":1,"2":1,"3":1,"4":1,"5":1,"6":1,"7":1,"8":1,"9":1,"10":1,"11":4,"12":1,"13":3,"14":3,"15":3,"16":3,"17":0,"18":3,"19":3,"20":0,"21":0,"22":3,"23":0,"24":0,"25":1,"26":0,"27":0,"28":0,"29":0,"30":1,"31":0,"32":0,"33":0,"34":0,"35":0,"36":0,"37":1,"38":0,"39":0,"40":0,"41":0,"42":0,"43":0,"44":0,"45":0,"46":0,"47":0,"48":1,"49":0,"50":0,"51":0,"52":0,"53":0,"54":0,"55":0,"56":0,"57":0,"58":0,"59":0,"60":0,"61":0,"62":0,"63":1,"64":0,"65":0,"66":0,"67":0,"68":0,"69":0,"70":0,"71":0,"72":0,"73":0,"74":0,"75":0,"76":0,"77":0,"78":0,"79":0,"80":0,"81":1,"82":0,"83":0,"84":0,"85":0,"86":0,"87":0,"88":0,"89":0,"90":1,"91":0,"92":0,"93":0,"94":0,"95":0,"96":0,"97":0,"98":0,"99":0,"100":0,"101":1,"102":0,"103":0,"104":0,"105":0,"106":0,"107":0,"108":0,"109":0,"110":1,"111":0,"112":0,"113":0,"114":1,"115":0,"116":0,"117":0,"118":0},"f":{"0":4,"1":0,"2":0,"3":0,"4":0,"5":0,"6":0,"7":0,"8":0,"9":0,"10":0,"11":0,"12":0,"13":0},"b":{"0":[1,3],"1":[2,1],"2":[0,3],"3":[0,0],"4":[0,0],"5":[0,0],"6":[0,0],"7":[0,0],"8":[0,0],"9":[0,0],"10":[0,0],"11":[0,0],"12":[0,0],"13":[0,0],"14":[0,0],"15":[0,0],"16":[0,0],"17":[0,0],"18":[0,0],"19":[0,0],"20":[0,0],"21":[0,0],"22":[0,0],"23":[0,0],"24":[0,0],"25":[0,0],"26":[0,0],"27":[0,0,0],"28":[0,0],"29":[0,0]},"_coverageSchema":"1a1c01bbd47fc00a2c39e90264f33305004495a9","hash":"5624df1bd2a2a90cbae81926015c0e2dc628e0ed"}
,"/home/lantum/Desktop/Projects/atcms-backend/src/controllers/userController.js": {"path":"/home/lantum/Desktop/Projects/atcms-backend/src/controllers/userController.js","statementMap":{},"fnMap":{},"branchMap":{},"s":{},"f":{},"b":{}}
,"/home/lantum/Desktop/Projects/atcms-backend/src/middleware/authMiddleware.js": {"path":"/home/lantum/Desktop/Projects/atcms-backend/src/middleware/authMiddleware.js","statementMap":{"0":{"start":{"line":2,"column":12},"end":{"line":2,"column":35}},"1":{"start":{"line":3,"column":13},"end":{"line":3,"column":43}},"2":{"start":{"line":5,"column":0},"end":{"line":22,"column":2}},"3":{"start":{"line":6,"column":2},"end":{"line":21,"column":3}},"4":{"start":{"line":7,"column":23},"end":{"line":7,"column":48}},"5":{"start":{"line":8,"column":4},"end":{"line":10,"column":5}},"6":{"start":{"line":9,"column":6},"end":{"line":9,"column":102}},"7":{"start":{"line":11,"column":18},"end":{"line":11,"column":42}},"8":{"start":{"line":12,"column":20},"end":{"line":12,"column":61}},"9":{"start":{"line":13,"column":17},"end":{"line":13,"column":48}},"10":{"start":{"line":14,"column":4},"end":{"line":16,"column":5}},"11":{"start":{"line":15,"column":6},"end":{"line":15,"column":109}},"12":{"start":{"line":17,"column":4},"end":{"line":17,"column":20}},"13":{"start":{"line":18,"column":4},"end":{"line":18,"column":11}},"14":{"start":{"line":20,"column":4},"end":{"line":20,"column":96}},"15":{"start":{"line":24,"column":0},"end":{"line":35,"column":2}},"16":{"start":{"line":25,"column":2},"end":{"line":34,"column":4}},"17":{"start":{"line":26,"column":4},"end":{"line":32,"column":5}},"18":{"start":{"line":27,"column":6},"end":{"line":31,"column":9}},"19":{"start":{"line":33,"column":4},"end":{"line":33,"column":11}}},"fnMap":{"0":{"name":"(anonymous_0)","decl":{"start":{"line":5,"column":18},"end":{"line":5,"column":19}},"loc":{"start":{"line":5,"column":44},"end":{"line":22,"column":1}},"line":5},"1":{"name":"(anonymous_1)","decl":{"start":{"line":24,"column":21},"end":{"line":24,"column":22}},"loc":{"start":{"line":24,"column":35},"end":{"line":35,"column":1}},"line":24},"2":{"name":"(anonymous_2)","decl":{"start":{"line":25,"column":9},"end":{"line":25,"column":10}},"loc":{"start":{"line":25,"column":29},"end":{"line":34,"column":3}},"line":25}},"branchMap":{"0":{"loc":{"start":{"line":8,"column":4},"end":{"line":10,"column":5}},"type":"if","locations":[{"start":{"line":8,"column":4},"end":{"line":10,"column":5}},{"start":{},"end":{}}],"line":8},"1":{"loc":{"start":{"line":8,"column":8},"end":{"line":8,"column":56}},"type":"binary-expr","locations":[{"start":{"line":8,"column":8},"end":{"line":8,"column":19}},{"start":{"line":8,"column":23},"end":{"line":8,"column":56}}],"line":8},"2":{"loc":{"start":{"line":14,"column":4},"end":{"line":16,"column":5}},"type":"if","locations":[{"start":{"line":14,"column":4},"end":{"line":16,"column":5}},{"start":{},"end":{}}],"line":14},"3":{"loc":{"start":{"line":14,"column":8},"end":{"line":14,"column":41}},"type":"binary-expr","locations":[{"start":{"line":14,"column":8},"end":{"line":14,"column":13}},{"start":{"line":14,"column":17},"end":{"line":14,"column":41}}],"line":14},"4":{"loc":{"start":{"line":26,"column":4},"end":{"line":32,"column":5}},"type":"if","locations":[{"start":{"line":26,"column":4},"end":{"line":32,"column":5}},{"start":{},"end":{}}],"line":26}},"s":{"0":1,"1":1,"2":1,"3":4,"4":4,"5":4,"6":0,"7":4,"8":4,"9":4,"10":4,"11":0,"12":4,"13":4,"14":0,"15":1,"16":14,"17":4,"18":0,"19":4},"f":{"0":4,"1":14,"2":4},"b":{"0":[0,4],"1":[4,4],"2":[0,4],"3":[4,4],"4":[0,4]},"_coverageSchema":"1a1c01bbd47fc00a2c39e90264f33305004495a9","hash":"fc98be8f3c2af8f44f1eb92edddc861efb17ce61"}
,"/home/lantum/Desktop/Projects/atcms-backend/src/middleware/errorMiddleware.js": {"path":"/home/lantum/Desktop/Projects/atcms-backend/src/middleware/errorMiddleware.js","statementMap":{"0":{"start":{"line":2,"column":15},"end":{"line":2,"column":41}},"1":{"start":{"line":4,"column":24},"end":{"line":18,"column":1}},"2":{"start":{"line":5,"column":4},"end":{"line":5,"column":42}},"3":{"start":{"line":6,"column":4},"end":{"line":6,"column":28}},"4":{"start":{"line":9,"column":23},"end":{"line":9,"column":44}},"5":{"start":{"line":10,"column":20},"end":{"line":10,"column":58}},"6":{"start":{"line":12,"column":4},"end":{"line":17,"column":7}},"7":{"start":{"line":20,"column":0},"end":{"line":20,"column":33}}},"fnMap":{"0":{"name":"(anonymous_0)","decl":{"start":{"line":4,"column":24},"end":{"line":4,"column":25}},"loc":{"start":{"line":4,"column":49},"end":{"line":18,"column":1}},"line":4}},"branchMap":{"0":{"loc":{"start":{"line":9,"column":23},"end":{"line":9,"column":44}},"type":"binary-expr","locations":[{"start":{"line":9,"column":23},"end":{"line":9,"column":37}},{"start":{"line":9,"column":41},"end":{"line":9,"column":44}}],"line":9},"1":{"loc":{"start":{"line":10,"column":20},"end":{"line":10,"column":58}},"type":"binary-expr","locations":[{"start":{"line":10,"column":20},"end":{"line":10,"column":31}},{"start":{"line":10,"column":35},"end":{"line":10,"column":58}}],"line":10},"2":{"loc":{"start":{"line":13,"column":15},"end":{"line":13,"column":34}},"type":"binary-expr","locations":[{"start":{"line":13,"column":15},"end":{"line":13,"column":23}},{"start":{"line":13,"column":27},"end":{"line":13,"column":34}}],"line":13},"3":{"loc":{"start":{"line":16,"column":12},"end":{"line":16,"column":74}},"type":"binary-expr","locations":[{"start":{"line":16,"column":12},"end":{"line":16,"column":50}},{"start":{"line":16,"column":54},"end":{"line":16,"column":74}}],"line":16}},"s":{"0":1,"1":1,"2":0,"3":0,"4":0,"5":0,"6":0,"7":1},"f":{"0":0},"b":{"0":[0,0],"1":[0,0],"2":[0,0],"3":[0,0]},"_coverageSchema":"1a1c01bbd47fc00a2c39e90264f33305004495a9","hash":"d05d09efe321287bd914950df41f1ed9e101bd83"}
,"/home/lantum/Desktop/Projects/atcms-backend/src/middleware/rateLimitMiddleware.js": {"path":"/home/lantum/Desktop/Projects/atcms-backend/src/middleware/rateLimitMiddleware.js","statementMap":{},"fnMap":{},"branchMap":{},"s":{},"f":{},"b":{}}
,"/home/lantum/Desktop/Projects/atcms-backend/src/middleware/roleMiddleware.js": {"path":"/home/lantum/Desktop/Projects/atcms-backend/src/middleware/roleMiddleware.js","statementMap":{"0":{"start":{"line":5,"column":0},"end":{"line":16,"column":2}},"1":{"start":{"line":6,"column":4},"end":{"line":15,"column":6}},"2":{"start":{"line":7,"column":8},"end":{"line":13,"column":9}},"3":{"start":{"line":8,"column":12},"end":{"line":12,"column":15}},"4":{"start":{"line":14,"column":8},"end":{"line":14,"column":15}}},"fnMap":{"0":{"name":"(anonymous_0)","decl":{"start":{"line":5,"column":21},"end":{"line":5,"column":22}},"loc":{"start":{"line":5,"column":37},"end":{"line":16,"column":1}},"line":5},"1":{"name":"(anonymous_1)","decl":{"start":{"line":6,"column":11},"end":{"line":6,"column":12}},"loc":{"start":{"line":6,"column":31},"end":{"line":15,"column":5}},"line":6}},"branchMap":{"0":{"loc":{"start":{"line":5,"column":22},"end":{"line":5,"column":32}},"type":"default-arg","locations":[{"start":{"line":5,"column":30},"end":{"line":5,"column":32}}],"line":5},"1":{"loc":{"start":{"line":7,"column":8},"end":{"line":13,"column":9}},"type":"if","locations":[{"start":{"line":7,"column":8},"end":{"line":13,"column":9}},{"start":{},"end":{}}],"line":7},"2":{"loc":{"start":{"line":7,"column":12},"end":{"line":7,"column":73}},"type":"binary-expr","locations":[{"start":{"line":7,"column":12},"end":{"line":7,"column":21}},{"start":{"line":7,"column":26},"end":{"line":7,"column":38}},{"start":{"line":7,"column":42},"end":{"line":7,"column":72}}],"line":7}},"s":{"0":1,"1":1,"2":0,"3":0,"4":0},"f":{"0":1,"1":0},"b":{"0":[0],"1":[0,0],"2":[0,0,0]},"_coverageSchema":"1a1c01bbd47fc00a2c39e90264f33305004495a9","hash":"be0b77dd3bcab78d36242905b7ac048ddc2775df"}
,"/home/lantum/Desktop/Projects/atcms-backend/src/middleware/uploadMiddleware.js": {"path":"/home/lantum/Desktop/Projects/atcms-backend/src/middleware/uploadMiddleware.js","statementMap":{"0":{"start":{"line":2,"column":15},"end":{"line":2,"column":32}},"1":{"start":{"line":3,"column":13},"end":{"line":3,"column":28}},"2":{"start":{"line":4,"column":11},"end":{"line":4,"column":24}},"3":{"start":{"line":7,"column":18},"end":{"line":7,"column":27}},"4":{"start":{"line":8,"column":0},"end":{"line":10,"column":1}},"5":{"start":{"line":9,"column":4},"end":{"line":9,"column":49}},"6":{"start":{"line":13,"column":16},"end":{"line":22,"column":2}},"7":{"start":{"line":15,"column":8},"end":{"line":15,"column":28}},"8":{"start":{"line":19,"column":29},"end":{"line":19,"column":79}},"9":{"start":{"line":20,"column":8},"end":{"line":20,"column":88}},"10":{"start":{"line":25,"column":19},"end":{"line":33,"column":1}},"11":{"start":{"line":26,"column":25},"end":{"line":26,"column":84}},"12":{"start":{"line":28,"column":4},"end":{"line":32,"column":5}},"13":{"start":{"line":29,"column":8},"end":{"line":29,"column":23}},"14":{"start":{"line":31,"column":8},"end":{"line":31,"column":89}},"15":{"start":{"line":36,"column":15},"end":{"line":38,"column":1}},"16":{"start":{"line":41,"column":15},"end":{"line":45,"column":21}},"17":{"start":{"line":48,"column":0},"end":{"line":81,"column":2}},"18":{"start":{"line":49,"column":26},"end":{"line":49,"column":32}},"19":{"start":{"line":51,"column":4},"end":{"line":80,"column":7}},"20":{"start":{"line":52,"column":8},"end":{"line":78,"column":9}},"21":{"start":{"line":53,"column":12},"end":{"line":59,"column":13}},"22":{"start":{"line":54,"column":16},"end":{"line":58,"column":19}},"23":{"start":{"line":60,"column":12},"end":{"line":66,"column":13}},"24":{"start":{"line":61,"column":16},"end":{"line":65,"column":19}},"25":{"start":{"line":67,"column":12},"end":{"line":71,"column":15}},"26":{"start":{"line":72,"column":15},"end":{"line":78,"column":9}},"27":{"start":{"line":73,"column":12},"end":{"line":77,"column":15}},"28":{"start":{"line":79,"column":8},"end":{"line":79,"column":15}},"29":{"start":{"line":84,"column":0},"end":{"line":92,"column":2}},"30":{"start":{"line":85,"column":4},"end":{"line":91,"column":5}},"31":{"start":{"line":86,"column":8},"end":{"line":90,"column":9}},"32":{"start":{"line":87,"column":12},"end":{"line":87,"column":47}},"33":{"start":{"line":89,"column":12},"end":{"line":89,"column":69}}},"fnMap":{"0":{"name":"(anonymous_0)","decl":{"start":{"line":14,"column":17},"end":{"line":14,"column":18}},"loc":{"start":{"line":14,"column":36},"end":{"line":16,"column":5}},"line":14},"1":{"name":"(anonymous_1)","decl":{"start":{"line":17,"column":14},"end":{"line":17,"column":15}},"loc":{"start":{"line":17,"column":33},"end":{"line":21,"column":5}},"line":17},"2":{"name":"(anonymous_2)","decl":{"start":{"line":25,"column":19},"end":{"line":25,"column":20}},"loc":{"start":{"line":25,"column":38},"end":{"line":33,"column":1}},"line":25},"3":{"name":"(anonymous_3)","decl":{"start":{"line":48,"column":22},"end":{"line":48,"column":23}},"loc":{"start":{"line":48,"column":42},"end":{"line":81,"column":1}},"line":48},"4":{"name":"(anonymous_4)","decl":{"start":{"line":51,"column":28},"end":{"line":51,"column":29}},"loc":{"start":{"line":51,"column":37},"end":{"line":80,"column":5}},"line":51},"5":{"name":"(anonymous_5)","decl":{"start":{"line":84,"column":22},"end":{"line":84,"column":23}},"loc":{"start":{"line":84,"column":43},"end":{"line":92,"column":1}},"line":84}},"branchMap":{"0":{"loc":{"start":{"line":8,"column":0},"end":{"line":10,"column":1}},"type":"if","locations":[{"start":{"line":8,"column":0},"end":{"line":10,"column":1}},{"start":{},"end":{}}],"line":8},"1":{"loc":{"start":{"line":28,"column":4},"end":{"line":32,"column":5}},"type":"if","locations":[{"start":{"line":28,"column":4},"end":{"line":32,"column":5}},{"start":{"line":30,"column":11},"end":{"line":32,"column":5}}],"line":28},"2":{"loc":{"start":{"line":52,"column":8},"end":{"line":78,"column":9}},"type":"if","locations":[{"start":{"line":52,"column":8},"end":{"line":78,"column":9}},{"start":{"line":72,"column":15},"end":{"line":78,"column":9}}],"line":52},"3":{"loc":{"start":{"line":53,"column":12},"end":{"line":59,"column":13}},"type":"if","locations":[{"start":{"line":53,"column":12},"end":{"line":59,"column":13}},{"start":{},"end":{}}],"line":53},"4":{"loc":{"start":{"line":60,"column":12},"end":{"line":66,"column":13}},"type":"if","locations":[{"start":{"line":60,"column":12},"end":{"line":66,"column":13}},{"start":{},"end":{}}],"line":60},"5":{"loc":{"start":{"line":72,"column":15},"end":{"line":78,"column":9}},"type":"if","locations":[{"start":{"line":72,"column":15},"end":{"line":78,"column":9}},{"start":{},"end":{}}],"line":72}},"s":{"0":1,"1":1,"2":1,"3":1,"4":1,"5":0,"6":1,"7":0,"8":0,"9":0,"10":1,"11":0,"12":0,"13":0,"14":0,"15":1,"16":1,"17":1,"18":0,"19":0,"20":0,"21":0,"22":0,"23":0,"24":0,"25":0,"26":0,"27":0,"28":0,"29":1,"30":0,"31":0,"32":0,"33":0},"f":{"0":0,"1":0,"2":0,"3":0,"4":0,"5":0},"b":{"0":[0,1],"1":[0,0],"2":[0,0],"3":[0,0],"4":[0,0],"5":[0,0]},"_coverageSchema":"1a1c01bbd47fc00a2c39e90264f33305004495a9","hash":"6bac4e7854aa6d808ae7a847404d6224f09a0b4f"}
,"/home/lantum/Desktop/Projects/atcms-backend/src/middleware/validationMiddleware.js": {"path":"/home/lantum/Desktop/Projects/atcms-backend/src/middleware/validationMiddleware.js","statementMap":{"0":{"start":{"line":2,"column":35},"end":{"line":2,"column":63}},"1":{"start":{"line":4,"column":0},"end":{"line":39,"column":2}},"2":{"start":{"line":28,"column":23},"end":{"line":28,"column":44}},"3":{"start":{"line":29,"column":8},"end":{"line":36,"column":9}},"4":{"start":{"line":30,"column":12},"end":{"line":35,"column":15}},"5":{"start":{"line":37,"column":8},"end":{"line":37,"column":15}}},"fnMap":{"0":{"name":"(anonymous_0)","decl":{"start":{"line":27,"column":4},"end":{"line":27,"column":5}},"loc":{"start":{"line":27,"column":24},"end":{"line":38,"column":5}},"line":27}},"branchMap":{"0":{"loc":{"start":{"line":29,"column":8},"end":{"line":36,"column":9}},"type":"if","locations":[{"start":{"line":29,"column":8},"end":{"line":36,"column":9}},{"start":{},"end":{}}],"line":29}},"s":{"0":1,"1":1,"2":0,"3":0,"4":0,"5":0},"f":{"0":0},"b":{"0":[0,0]},"_coverageSchema":"1a1c01bbd47fc00a2c39e90264f33305004495a9","hash":"e5a936214b11d339a79d5d2a0d4f708f09f6d98a"}
,"/home/lantum/Desktop/Projects/atcms-backend/src/models/complaintModel.js": {"path":"/home/lantum/Desktop/Projects/atcms-backend/src/models/complaintModel.js","statementMap":{"0":{"start":{"line":2,"column":17},"end":{"line":2,"column":36}},"1":{"start":{"line":4,"column":24},"end":{"line":136,"column":2}},"2":{"start":{"line":29,"column":16},"end":{"line":29,"column":58}},"3":{"start":{"line":31,"column":30},"end":{"line":31,"column":75}},"4":{"start":{"line":139,"column":0},"end":{"line":154,"column":3}},"5":{"start":{"line":140,"column":4},"end":{"line":152,"column":5}},"6":{"start":{"line":141,"column":8},"end":{"line":143,"column":9}},"7":{"start":{"line":142,"column":12},"end":{"line":142,"column":36}},"8":{"start":{"line":145,"column":8},"end":{"line":151,"column":9}},"9":{"start":{"line":146,"column":12},"end":{"line":150,"column":15}},"10":{"start":{"line":153,"column":4},"end":{"line":153,"column":11}},"11":{"start":{"line":157,"column":0},"end":{"line":159,"column":3}},"12":{"start":{"line":158,"column":4},"end":{"line":158,"column":38}},"13":{"start":{"line":161,"column":0},"end":{"line":163,"column":3}},"14":{"start":{"line":162,"column":4},"end":{"line":162,"column":76}},"15":{"start":{"line":165,"column":18},"end":{"line":165,"column":62}},"16":{"start":{"line":166,"column":0},"end":{"line":166,"column":27}}},"fnMap":{"0":{"name":"(anonymous_0)","decl":{"start":{"line":28,"column":23},"end":{"line":28,"column":24}},"loc":{"start":{"line":28,"column":35},"end":{"line":30,"column":13}},"line":28},"1":{"name":"(anonymous_1)","decl":{"start":{"line":31,"column":21},"end":{"line":31,"column":22}},"loc":{"start":{"line":31,"column":30},"end":{"line":31,"column":75}},"line":31},"2":{"name":"(anonymous_2)","decl":{"start":{"line":139,"column":28},"end":{"line":139,"column":29}},"loc":{"start":{"line":139,"column":43},"end":{"line":154,"column":1}},"line":139},"3":{"name":"(anonymous_3)","decl":{"start":{"line":157,"column":42},"end":{"line":157,"column":43}},"loc":{"start":{"line":157,"column":53},"end":{"line":159,"column":1}},"line":157},"4":{"name":"(anonymous_4)","decl":{"start":{"line":161,"column":40},"end":{"line":161,"column":41}},"loc":{"start":{"line":161,"column":51},"end":{"line":163,"column":1}},"line":161}},"branchMap":{"0":{"loc":{"start":{"line":29,"column":23},"end":{"line":29,"column":57}},"type":"binary-expr","locations":[{"start":{"line":29,"column":23},"end":{"line":29,"column":25}},{"start":{"line":29,"column":29},"end":{"line":29,"column":57}}],"line":29},"1":{"loc":{"start":{"line":140,"column":4},"end":{"line":152,"column":5}},"type":"if","locations":[{"start":{"line":140,"column":4},"end":{"line":152,"column":5}},{"start":{},"end":{}}],"line":140},"2":{"loc":{"start":{"line":141,"column":8},"end":{"line":143,"column":9}},"type":"if","locations":[{"start":{"line":141,"column":8},"end":{"line":143,"column":9}},{"start":{},"end":{}}],"line":141},"3":{"loc":{"start":{"line":145,"column":8},"end":{"line":151,"column":9}},"type":"if","locations":[{"start":{"line":145,"column":8},"end":{"line":151,"column":9}},{"start":{},"end":{}}],"line":145},"4":{"loc":{"start":{"line":148,"column":27},"end":{"line":148,"column":60}},"type":"binary-expr","locations":[{"start":{"line":148,"column":27},"end":{"line":148,"column":42}},{"start":{"line":148,"column":46},"end":{"line":148,"column":60}}],"line":148}},"s":{"0":1,"1":1,"2":0,"3":0,"4":1,"5":0,"6":0,"7":0,"8":0,"9":0,"10":0,"11":1,"12":0,"13":1,"14":0,"15":1,"16":1},"f":{"0":0,"1":0,"2":0,"3":0,"4":0},"b":{"0":[0,0],"1":[0,0],"2":[0,0],"3":[0,0],"4":[0,0]},"_coverageSchema":"1a1c01bbd47fc00a2c39e90264f33305004495a9","hash":"9491fb113c6cfeaa1da7713dc6d237af9ec79f35"}
,"/home/lantum/Desktop/Projects/atcms-backend/src/models/transcriptModel.js": {"path":"/home/lantum/Desktop/Projects/atcms-backend/src/models/transcriptModel.js","statementMap":{"0":{"start":{"line":1,"column":17},"end":{"line":1,"column":36}},"1":{"start":{"line":3,"column":32},"end":{"line":152,"column":2}},"2":{"start":{"line":18,"column":30},"end":{"line":18,"column":50}},"3":{"start":{"line":50,"column":16},"end":{"line":52,"column":17}},"4":{"start":{"line":51,"column":20},"end":{"line":51,"column":43}},"5":{"start":{"line":53,"column":29},"end":{"line":57,"column":17}},"6":{"start":{"line":58,"column":16},"end":{"line":58,"column":59}},"7":{"start":{"line":81,"column":12},"end":{"line":81,"column":59}},"8":{"start":{"line":85,"column":16},"end":{"line":85,"column":67}},"9":{"start":{"line":155,"column":0},"end":{"line":178,"column":3}},"10":{"start":{"line":156,"column":4},"end":{"line":176,"column":5}},"11":{"start":{"line":157,"column":8},"end":{"line":175,"column":9}},"12":{"start":{"line":159,"column":16},"end":{"line":159,"column":51}},"13":{"start":{"line":160,"column":16},"end":{"line":160,"column":35}},"14":{"start":{"line":161,"column":16},"end":{"line":161,"column":22}},"15":{"start":{"line":163,"column":16},"end":{"line":163,"column":45}},"16":{"start":{"line":164,"column":16},"end":{"line":164,"column":35}},"17":{"start":{"line":165,"column":16},"end":{"line":165,"column":22}},"18":{"start":{"line":167,"column":16},"end":{"line":167,"column":47}},"19":{"start":{"line":168,"column":16},"end":{"line":168,"column":35}},"20":{"start":{"line":169,"column":16},"end":{"line":169,"column":22}},"21":{"start":{"line":171,"column":16},"end":{"line":171,"column":47}},"22":{"start":{"line":172,"column":16},"end":{"line":172,"column":36}},"23":{"start":{"line":173,"column":16},"end":{"line":173,"column":55}},"24":{"start":{"line":174,"column":16},"end":{"line":174,"column":22}},"25":{"start":{"line":177,"column":4},"end":{"line":177,"column":11}},"26":{"start":{"line":180,"column":0},"end":{"line":194,"column":3}},"27":{"start":{"line":181,"column":4},"end":{"line":181,"column":51}},"28":{"start":{"line":181,"column":38},"end":{"line":181,"column":51}},"29":{"start":{"line":183,"column":16},"end":{"line":183,"column":26}},"30":{"start":{"line":184,"column":24},"end":{"line":184,"column":42}},"31":{"start":{"line":185,"column":18},"end":{"line":185,"column":56}},"32":{"start":{"line":187,"column":4},"end":{"line":193,"column":5}},"33":{"start":{"line":188,"column":27},"end":{"line":188,"column":45}},"34":{"start":{"line":189,"column":21},"end":{"line":189,"column":39}},"35":{"start":{"line":190,"column":29},"end":{"line":190,"column":47}},"36":{"start":{"line":191,"column":23},"end":{"line":191,"column":48}},"37":{"start":{"line":192,"column":17},"end":{"line":192,"column":30}},"38":{"start":{"line":196,"column":26},"end":{"line":196,"column":86}},"39":{"start":{"line":197,"column":0},"end":{"line":197,"column":35}}},"fnMap":{"0":{"name":"(anonymous_0)","decl":{"start":{"line":18,"column":23},"end":{"line":18,"column":24}},"loc":{"start":{"line":18,"column":30},"end":{"line":18,"column":50}},"line":18},"1":{"name":"(anonymous_1)","decl":{"start":{"line":49,"column":23},"end":{"line":49,"column":24}},"loc":{"start":{"line":49,"column":39},"end":{"line":59,"column":13}},"line":49},"2":{"name":"(anonymous_2)","decl":{"start":{"line":80,"column":18},"end":{"line":80,"column":19}},"loc":{"start":{"line":80,"column":29},"end":{"line":82,"column":9}},"line":80},"3":{"name":"(anonymous_3)","decl":{"start":{"line":84,"column":23},"end":{"line":84,"column":24}},"loc":{"start":{"line":84,"column":39},"end":{"line":86,"column":13}},"line":84},"4":{"name":"(anonymous_4)","decl":{"start":{"line":155,"column":36},"end":{"line":155,"column":37}},"loc":{"start":{"line":155,"column":51},"end":{"line":178,"column":1}},"line":155},"5":{"name":"(anonymous_5)","decl":{"start":{"line":180,"column":49},"end":{"line":180,"column":50}},"loc":{"start":{"line":180,"column":60},"end":{"line":194,"column":1}},"line":180}},"branchMap":{"0":{"loc":{"start":{"line":50,"column":16},"end":{"line":52,"column":17}},"type":"if","locations":[{"start":{"line":50,"column":16},"end":{"line":52,"column":17}},{"start":{},"end":{}}],"line":50},"1":{"loc":{"start":{"line":85,"column":23},"end":{"line":85,"column":66}},"type":"cond-expr","locations":[{"start":{"line":85,"column":31},"end":{"line":85,"column":59}},{"start":{"line":85,"column":62},"end":{"line":85,"column":66}}],"line":85},"2":{"loc":{"start":{"line":156,"column":4},"end":{"line":176,"column":5}},"type":"if","locations":[{"start":{"line":156,"column":4},"end":{"line":176,"column":5}},{"start":{},"end":{}}],"line":156},"3":{"loc":{"start":{"line":156,"column":8},"end":{"line":156,"column":56}},"type":"binary-expr","locations":[{"start":{"line":156,"column":8},"end":{"line":156,"column":18}},{"start":{"line":156,"column":22},"end":{"line":156,"column":56}}],"line":156},"4":{"loc":{"start":{"line":157,"column":8},"end":{"line":175,"column":9}},"type":"switch","locations":[{"start":{"line":158,"column":12},"end":{"line":161,"column":22}},{"start":{"line":162,"column":12},"end":{"line":165,"column":22}},{"start":{"line":166,"column":12},"end":{"line":169,"column":22}},{"start":{"line":170,"column":12},"end":{"line":174,"column":22}}],"line":157},"5":{"loc":{"start":{"line":181,"column":4},"end":{"line":181,"column":51}},"type":"if","locations":[{"start":{"line":181,"column":4},"end":{"line":181,"column":51}},{"start":{},"end":{}}],"line":181},"6":{"loc":{"start":{"line":187,"column":4},"end":{"line":193,"column":5}},"type":"switch","locations":[{"start":{"line":188,"column":8},"end":{"line":188,"column":45}},{"start":{"line":189,"column":8},"end":{"line":189,"column":39}},{"start":{"line":190,"column":8},"end":{"line":190,"column":47}},{"start":{"line":191,"column":8},"end":{"line":191,"column":48}},{"start":{"line":192,"column":8},"end":{"line":192,"column":30}}],"line":187}},"s":{"0":1,"1":1,"2":1,"3":1,"4":0,"5":1,"6":1,"7":1,"8":0,"9":1,"10":0,"11":0,"12":0,"13":0,"14":0,"15":0,"16":0,"17":0,"18":0,"19":0,"20":0,"21":0,"22":0,"23":0,"24":0,"25":0,"26":1,"27":0,"28":0,"29":0,"30":0,"31":0,"32":0,"33":0,"34":0,"35":0,"36":0,"37":0,"38":1,"39":1},"f":{"0":1,"1":1,"2":1,"3":0,"4":0,"5":0},"b":{"0":[0,1],"1":[0,0],"2":[0,0],"3":[0,0],"4":[0,0,0,0],"5":[0,0],"6":[0,0,0,0,0]},"_coverageSchema":"1a1c01bbd47fc00a2c39e90264f33305004495a9","hash":"d5f792f54060cd461644d3bf9e2b0ff419bc4443"}
,"/home/lantum/Desktop/Projects/atcms-backend/src/models/userModel.js": {"path":"/home/lantum/Desktop/Projects/atcms-backend/src/models/userModel.js","statementMap":{"0":{"start":{"line":2,"column":17},"end":{"line":2,"column":36}},"1":{"start":{"line":3,"column":15},"end":{"line":3,"column":32}},"2":{"start":{"line":5,"column":14},"end":{"line":10,"column":1}},"3":{"start":{"line":12,"column":19},"end":{"line":50,"column":2}},"4":{"start":{"line":18,"column":6},"end":{"line":18,"column":41}},"5":{"start":{"line":30,"column":6},"end":{"line":30,"column":60}},"6":{"start":{"line":36,"column":6},"end":{"line":36,"column":45}},"7":{"start":{"line":40,"column":8},"end":{"line":40,"column":57}},"8":{"start":{"line":40,"column":45},"end":{"line":40,"column":57}},"9":{"start":{"line":41,"column":8},"end":{"line":41,"column":48}},"10":{"start":{"line":53,"column":0},"end":{"line":58,"column":3}},"11":{"start":{"line":54,"column":2},"end":{"line":54,"column":50}},"12":{"start":{"line":54,"column":36},"end":{"line":54,"column":50}},"13":{"start":{"line":55,"column":15},"end":{"line":55,"column":39}},"14":{"start":{"line":56,"column":2},"end":{"line":56,"column":57}},"15":{"start":{"line":57,"column":2},"end":{"line":57,"column":9}},"16":{"start":{"line":61,"column":0},"end":{"line":63,"column":2}},"17":{"start":{"line":62,"column":2},"end":{"line":62,"column":58}},"18":{"start":{"line":65,"column":13},"end":{"line":65,"column":47}},"19":{"start":{"line":66,"column":0},"end":{"line":66,"column":22}}},"fnMap":{"0":{"name":"(anonymous_0)","decl":{"start":{"line":17,"column":14},"end":{"line":17,"column":15}},"loc":{"start":{"line":17,"column":25},"end":{"line":19,"column":5}},"line":17},"1":{"name":"(anonymous_1)","decl":{"start":{"line":29,"column":14},"end":{"line":29,"column":15}},"loc":{"start":{"line":29,"column":25},"end":{"line":31,"column":5}},"line":29},"2":{"name":"(anonymous_2)","decl":{"start":{"line":35,"column":14},"end":{"line":35,"column":15}},"loc":{"start":{"line":35,"column":25},"end":{"line":37,"column":5}},"line":35},"3":{"name":"(anonymous_3)","decl":{"start":{"line":39,"column":17},"end":{"line":39,"column":18}},"loc":{"start":{"line":39,"column":29},"end":{"line":42,"column":7}},"line":39},"4":{"name":"(anonymous_4)","decl":{"start":{"line":53,"column":23},"end":{"line":53,"column":24}},"loc":{"start":{"line":53,"column":45},"end":{"line":58,"column":1}},"line":53},"5":{"name":"(anonymous_5)","decl":{"start":{"line":61,"column":37},"end":{"line":61,"column":38}},"loc":{"start":{"line":61,"column":72},"end":{"line":63,"column":1}},"line":61}},"branchMap":{"0":{"loc":{"start":{"line":40,"column":8},"end":{"line":40,"column":57}},"type":"if","locations":[{"start":{"line":40,"column":8},"end":{"line":40,"column":57}},{"start":{},"end":{}}],"line":40},"1":{"loc":{"start":{"line":41,"column":15},"end":{"line":41,"column":47}},"type":"binary-expr","locations":[{"start":{"line":41,"column":15},"end":{"line":41,"column":31}},{"start":{"line":41,"column":35},"end":{"line":41,"column":47}}],"line":41},"2":{"loc":{"start":{"line":54,"column":2},"end":{"line":54,"column":50}},"type":"if","locations":[{"start":{"line":54,"column":2},"end":{"line":54,"column":50}},{"start":{},"end":{}}],"line":54}},"s":{"0":1,"1":1,"2":1,"3":1,"4":7,"5":7,"6":7,"7":7,"8":7,"9":0,"10":1,"11":7,"12":0,"13":7,"14":7,"15":7,"16":1,"17":0,"18":1,"19":1},"f":{"0":7,"1":7,"2":7,"3":7,"4":7,"5":0},"b":{"0":[7,0],"1":[0,0],"2":[0,7]},"_coverageSchema":"1a1c01bbd47fc00a2c39e90264f33305004495a9","hash":"2495b4dfeb5516a51e9181a4d41e97cf36bff185"}
,"/home/lantum/Desktop/Projects/atcms-backend/src/routes/authRoutes.js": {"path":"/home/lantum/Desktop/Projects/atcms-backend/src/routes/authRoutes.js","statementMap":{"0":{"start":{"line":2,"column":16},"end":{"line":2,"column":34}},"1":{"start":{"line":3,"column":17},"end":{"line":3,"column":45}},"2":{"start":{"line":4,"column":23},"end":{"line":4,"column":63}},"3":{"start":{"line":5,"column":20},"end":{"line":5,"column":59}},"4":{"start":{"line":6,"column":23},"end":{"line":6,"column":62}},"5":{"start":{"line":7,"column":19},"end":{"line":7,"column":49}},"6":{"start":{"line":9,"column":15},"end":{"line":9,"column":31}},"7":{"start":{"line":12,"column":27},"end":{"line":19,"column":1}},"8":{"start":{"line":22,"column":24},"end":{"line":25,"column":1}},"9":{"start":{"line":28,"column":34},"end":{"line":34,"column":1}},"10":{"start":{"line":37,"column":0},"end":{"line":37,"column":82}},"11":{"start":{"line":38,"column":0},"end":{"line":38,"column":73}},"12":{"start":{"line":41,"column":0},"end":{"line":47,"column":2}},"13":{"start":{"line":49,"column":0},"end":{"line":49,"column":24}}},"fnMap":{},"branchMap":{},"s":{"0":1,"1":1,"2":1,"3":1,"4":1,"5":1,"6":1,"7":1,"8":1,"9":1,"10":1,"11":1,"12":1,"13":1},"f":{},"b":{},"_coverageSchema":"1a1c01bbd47fc00a2c39e90264f33305004495a9","hash":"aca0f1c799f808100391fe231c227a38d045ef6a"}
,"/home/lantum/Desktop/Projects/atcms-backend/src/routes/complaintRoutes.js": {"path":"/home/lantum/Desktop/Projects/atcms-backend/src/routes/complaintRoutes.js","statementMap":{"0":{"start":{"line":2,"column":16},"end":{"line":2,"column":34}},"1":{"start":{"line":3,"column":15},"end":{"line":3,"column":31}},"2":{"start":{"line":4,"column":28},"end":{"line":4,"column":73}},"3":{"start":{"line":5,"column":32},"end":{"line":5,"column":71}},"4":{"start":{"line":6,"column":24},"end":{"line":6,"column":65}},"5":{"start":{"line":7,"column":30},"end":{"line":7,"column":75}},"6":{"start":{"line":8,"column":19},"end":{"line":8,"column":49}},"7":{"start":{"line":11,"column":0},"end":{"line":11,"column":20}},"8":{"start":{"line":14,"column":0},"end":{"line":17,"column":2}},"9":{"start":{"line":20,"column":0},"end":{"line":20,"column":66}},"10":{"start":{"line":21,"column":0},"end":{"line":21,"column":69}},"11":{"start":{"line":24,"column":0},"end":{"line":29,"column":2}},"12":{"start":{"line":32,"column":0},"end":{"line":35,"column":2}},"13":{"start":{"line":37,"column":0},"end":{"line":40,"column":2}},"14":{"start":{"line":42,"column":0},"end":{"line":46,"column":2}},"15":{"start":{"line":48,"column":0},"end":{"line":51,"column":2}},"16":{"start":{"line":53,"column":0},"end":{"line":56,"column":2}},"17":{"start":{"line":59,"column":0},"end":{"line":61,"column":2}},"18":{"start":{"line":63,"column":0},"end":{"line":65,"column":2}},"19":{"start":{"line":68,"column":0},"end":{"line":71,"column":2}},"20":{"start":{"line":73,"column":0},"end":{"line":73,"column":24}}},"fnMap":{},"branchMap":{},"s":{"0":1,"1":1,"2":1,"3":1,"4":1,"5":1,"6":1,"7":1,"8":1,"9":1,"10":1,"11":1,"12":1,"13":1,"14":1,"15":1,"16":1,"17":1,"18":1,"19":1,"20":1},"f":{},"b":{},"_coverageSchema":"1a1c01bbd47fc00a2c39e90264f33305004495a9","hash":"0474fdc8b757cc70837499c09bf5b0de9839ba32"}
,"/home/lantum/Desktop/Projects/atcms-backend/src/routes/transcriptRoutes.js": {"path":"/home/lantum/Desktop/Projects/atcms-backend/src/routes/transcriptRoutes.js","statementMap":{"0":{"start":{"line":3,"column":16},"end":{"line":3,"column":34}},"1":{"start":{"line":4,"column":15},"end":{"line":4,"column":31}},"2":{"start":{"line":5,"column":29},"end":{"line":5,"column":75}},"3":{"start":{"line":6,"column":32},"end":{"line":6,"column":71}},"4":{"start":{"line":7,"column":19},"end":{"line":7,"column":49}},"5":{"start":{"line":8,"column":17},"end":{"line":8,"column":45}},"6":{"start":{"line":11,"column":34},"end":{"line":40,"column":1}},"7":{"start":{"line":43,"column":0},"end":{"line":43,"column":20}},"8":{"start":{"line":46,"column":0},"end":{"line":51,"column":2}},"9":{"start":{"line":54,"column":0},"end":{"line":57,"column":2}},"10":{"start":{"line":60,"column":0},"end":{"line":63,"column":2}},"11":{"start":{"line":66,"column":0},"end":{"line":69,"column":2}},"12":{"start":{"line":72,"column":0},"end":{"line":76,"column":2}},"13":{"start":{"line":78,"column":0},"end":{"line":85,"column":2}},"14":{"start":{"line":87,"column":0},"end":{"line":91,"column":2}},"15":{"start":{"line":94,"column":0},"end":{"line":98,"column":2}},"16":{"start":{"line":101,"column":0},"end":{"line":105,"column":2}},"17":{"start":{"line":107,"column":0},"end":{"line":107,"column":24}}},"fnMap":{},"branchMap":{},"s":{"0":1,"1":1,"2":1,"3":1,"4":1,"5":1,"6":1,"7":1,"8":1,"9":1,"10":1,"11":1,"12":1,"13":1,"14":1,"15":1,"16":1,"17":1},"f":{},"b":{},"_coverageSchema":"1a1c01bbd47fc00a2c39e90264f33305004495a9","hash":"4c63624b89f5811d3eda13d3b02c53be2a0021ab"}
,"/home/lantum/Desktop/Projects/atcms-backend/src/routes/userRoutes.js": {"path":"/home/lantum/Desktop/Projects/atcms-backend/src/routes/userRoutes.js","statementMap":{},"fnMap":{},"branchMap":{},"s":{},"f":{},"b":{}}
,"/home/lantum/Desktop/Projects/atcms-backend/src/services/analyticsService.js": {"path":"/home/lantum/Desktop/Projects/atcms-backend/src/services/analyticsService.js","statementMap":{"0":{"start":{"line":2,"column":26},"end":{"line":2,"column":62}},"1":{"start":{"line":3,"column":15},"end":{"line":3,"column":41}},"2":{"start":{"line":7,"column":8},"end":{"line":148,"column":9}},"3":{"start":{"line":8,"column":26},"end":{"line":8,"column":28}},"4":{"start":{"line":9,"column":12},"end":{"line":13,"column":13}},"5":{"start":{"line":10,"column":16},"end":{"line":10,"column":41}},"6":{"start":{"line":11,"column":16},"end":{"line":11,"column":78}},"7":{"start":{"line":11,"column":31},"end":{"line":11,"column":78}},"8":{"start":{"line":12,"column":16},"end":{"line":12,"column":74}},"9":{"start":{"line":12,"column":29},"end":{"line":12,"column":74}},"10":{"start":{"line":22,"column":16},"end":{"line":103,"column":14}},"11":{"start":{"line":106,"column":34},"end":{"line":106,"column":36}},"12":{"start":{"line":107,"column":12},"end":{"line":120,"column":15}},"13":{"start":{"line":109,"column":16},"end":{"line":118,"column":17}},"14":{"start":{"line":110,"column":39},"end":{"line":110,"column":55}},"15":{"start":{"line":111,"column":24},"end":{"line":111,"column":30}},"16":{"start":{"line":112,"column":33},"end":{"line":112,"column":49}},"17":{"start":{"line":113,"column":24},"end":{"line":113,"column":30}},"18":{"start":{"line":114,"column":35},"end":{"line":114,"column":52}},"19":{"start":{"line":115,"column":24},"end":{"line":115,"column":30}},"20":{"start":{"line":116,"column":41},"end":{"line":116,"column":57}},"21":{"start":{"line":117,"column":24},"end":{"line":117,"column":30}},"22":{"start":{"line":119,"column":16},"end":{"line":119,"column":64}},"23":{"start":{"line":122,"column":12},"end":{"line":144,"column":14}},"24":{"start":{"line":129,"column":20},"end":{"line":133,"column":22}},"25":{"start":{"line":134,"column":20},"end":{"line":134,"column":31}},"26":{"start":{"line":137,"column":20},"end":{"line":140,"column":22}},"27":{"start":{"line":141,"column":20},"end":{"line":141,"column":31}},"28":{"start":{"line":146,"column":12},"end":{"line":146,"column":63}},"29":{"start":{"line":147,"column":12},"end":{"line":147,"column":60}},"30":{"start":{"line":152,"column":8},"end":{"line":223,"column":9}},"31":{"start":{"line":153,"column":24},"end":{"line":153,"column":34}},"32":{"start":{"line":154,"column":29},"end":{"line":154,"column":52}},"33":{"start":{"line":160,"column":16},"end":{"line":209,"column":14}},"34":{"start":{"line":211,"column":12},"end":{"line":219,"column":14}},"35":{"start":{"line":221,"column":12},"end":{"line":221,"column":73}},"36":{"start":{"line":222,"column":12},"end":{"line":222,"column":70}},"37":{"start":{"line":227,"column":22},"end":{"line":227,"column":77}},"38":{"start":{"line":227,"column":57},"end":{"line":227,"column":73}},"39":{"start":{"line":228,"column":8},"end":{"line":231,"column":15}},"40":{"start":{"line":229,"column":12},"end":{"line":229,"column":55}},"41":{"start":{"line":230,"column":12},"end":{"line":230,"column":23}},"42":{"start":{"line":235,"column":8},"end":{"line":284,"column":9}},"43":{"start":{"line":236,"column":31},"end":{"line":236,"column":66}},"44":{"start":{"line":237,"column":29},"end":{"line":237,"column":69}},"45":{"start":{"line":239,"column":26},"end":{"line":273,"column":14}},"46":{"start":{"line":275,"column":12},"end":{"line":280,"column":14}},"47":{"start":{"line":282,"column":12},"end":{"line":282,"column":65}},"48":{"start":{"line":283,"column":12},"end":{"line":283,"column":62}},"49":{"start":{"line":288,"column":0},"end":{"line":288,"column":40}}},"fnMap":{"0":{"name":"(anonymous_0)","decl":{"start":{"line":6,"column":4},"end":{"line":6,"column":5}},"loc":{"start":{"line":6,"column":51},"end":{"line":149,"column":5}},"line":6},"1":{"name":"(anonymous_1)","decl":{"start":{"line":107,"column":36},"end":{"line":107,"column":37}}
[...]
,"/home/lantum/Desktop/Projects/atcms-backend/src/services/paymentService.js": {"path":"/home/lantum/Desktop/Projects/atcms-backend/src/services/paymentService.js","statementMap":{"0":{"start":{"line":2,"column":15},"end":{"line":2,"column":41}},"1":{"start":{"line":5,"column":15},"end":{"line":16,"column":1}},"2":{"start":{"line":20,"column":8},"end":{"line":46,"column":9}},"3":{"start":{"line":23,"column":12},"end":{"line":32,"column":13}},"4":{"start":{"line":25,"column":20},"end":{"line":25,"column":99}},"5":{"start":{"line":26,"column":20},"end":{"line":26,"column":26}},"6":{"start":{"line":28,"column":20},"end":{"line":28,"column":102}},"7":{"start":{"line":29,"column":20},"end":{"line":29,"column":26}},"8":{"start":{"line":31,"column":20},"end":{"line":31,"column":68}},"9":{"start":{"line":34,"column":12},"end":{"line":38,"column":14}},"10":{"start":{"line":41,"column":12},"end":{"line":41,"column":61}},"11":{"start":{"line":42,"column":12},"end":{"line":45,"column":14}},"12":{"start":{"line":51,"column":8},"end":{"line":66,"column":9}},"13":{"start":{"line":53,"column":29},"end":{"line":53,"column":86}},"14":{"start":{"line":55,"column":12},"end":{"line":57,"column":13}},"15":{"start":{"line":56,"column":16},"end":{"line":56,"column":50}},"16":{"start":{"line":59,"column":12},"end":{"line":63,"column":14}},"17":{"start":{"line":65,"column":12},"end":{"line":65,"column":68}},"18":{"start":{"line":71,"column":8},"end":{"line":86,"column":9}},"19":{"start":{"line":73,"column":29},"end":{"line":73,"column":89}},"20":{"start":{"line":75,"column":12},"end":{"line":77,"column":13}},"21":{"start":{"line":76,"column":16},"end":{"line":76,"column":50}},"22":{"start":{"line":79,"column":12},"end":{"line":83,"column":14}},"23":{"start":{"line":85,"column":12},"end":{"line":85,"column":77}},"24":{"start":{"line":91,"column":8},"end":{"line":91,"column":64}},"25":{"start":{"line":91,"column":37},"end":{"line":91,"column":62}},"26":{"start":{"line":94,"column":26},"end":{"line":94,"column":45}},"27":{"start":{"line":96,"column":8},"end":{"line":107,"column":9}},"28":{"start":{"line":97,"column":12},"end":{"line":101,"column":14}},"29":{"start":{"line":103,"column":12},"end":{"line":106,"column":14}},"30":{"start":{"line":112,"column":8},"end":{"line":124,"column":9}},"31":{"start":{"line":114,"column":12},"end":{"line":114,"column":68}},"32":{"start":{"line":114,"column":41},"end":{"line":114,"column":66}},"33":{"start":{"line":116,"column":12},"end":{"line":120,"column":14}},"34":{"start":{"line":122,"column":12},"end":{"line":122,"column":63}},"35":{"start":{"line":123,"column":12},"end":{"line":123,"column":59}},"36":{"start":{"line":129,"column":8},"end":{"line":139,"column":9}},"37":{"start":{"line":131,"column":12},"end":{"line":135,"column":14}},"38":{"start":{"line":137,"column":12},"end":{"line":137,"column":63}},"39":{"start":{"line":138,"column":12},"end":{"line":138,"column":59}},"40":{"start":{"line":143,"column":0},"end":{"line":143,"column":38}}},"fnMap":{"0":{"name":"(anonymous_0)","decl":{"start":{"line":19,"column":4},"end":{"line":19,"column":5}},"loc":{"start":{"line":19,"column":73},"end":{"line":47,"column":5}},"line":19},"1":{"name":"(anonymous_1)","decl":{"start":{"line":49,"column":4},"end":{"line":49,"column":5}},"loc":{"start":{"line":49,"column":62},"end":{"line":67,"column":5}},"line":49},"2":{"name":"(anonymous_2)","decl":{"start":{"line":69,"column":4},"end":{"line":69,"column":5}},"loc":{"start":{"line":69,"column":65},"end":{"line":87,"column":5}},"line":69},"3":{"name":"(anonymous_3)","decl":{"start":{"line":89,"column":4},"end":{"line":89,"column":5}},"loc":{"start":{"line":89,"column":60},"end":{"line":108,"column":5}},"line":89},"4":{"name":"(anonymous_4)","decl":{"start":{"line":91,"column":26},"end":{"line":91,"column":27}},"loc":{"start":{"line":91,"column":37},"end":{"line":91,"column":62}},"line":91},"5":{"name":"(anonymous_5)","decl":{"start":{"line":110,"column":4},"end":{"line":110,"column":5}},"loc":{"start":{"line":110,"column":39},"end":{"line":125,"column":5}},"line":110},"6":{"name":"(anonymous_6)","decl":{"start":{"line":114,"column":30},"end":{"line":114,"column":31}},"loc":{"start":{"line":114,"column":41},"end":{"line":114,"column":66}},"line":114},"7":{"name":"(anonymous_7)","decl":{"start":{"line":127,"column":4},"end":{"line":127,"column":5}},"loc":{"start":{"line":127,"column":42},"end":{"line":140,"column":5}},"line":127}},"branchMap":{"0":{"loc":{"start":{"line":7,"column":16},"end":{"line":7,"column":57}},"type":"binary-expr","locations":[{"start":{"line":7,"column":16},"end":{"line":7,"column":39}},{"start":{"line":7,"column":43},"end":{"line":7,"column":57}}],"line":7},"1":{"loc":{"start":{"line":8,"column":19},"end":{"line":8,"column":66}},"type":"binary-expr","locations":[{"start":{"line":8,"column":19},"end":{"line":8,"column":45}},{"start":{"line":8,"column":49},"end":{"line":8,"column":66}}],"line":8},"2":{"loc":{"start":{"line":9,"column":17},"end":{"line":9,"column":73}},"type":"binary-expr","locations":[{"start":{"line":9,"column":17},"end":{"line":9,"column":40}},{"start":{"line":9,"column":44},"end":{"line":9,"column":73}}],"line":9},"3":{"loc":{"start":{"line":12,"column":16},"end":{"line":12,"column":63}},"type":"binary-expr","locations":[{"start":{"line":12,"column":16},"end":{"line":12,"column":42}},{"start":{"line":12,"column":46},"end":{"line":12,"column":63}}],"line":12},"4":{"loc":{"start":{"line":13,"column":19},"end":{"line":13,"column":72}},"type":"binary-expr","locations":[{"start":{"line":13,"column":19},"end":{"line":13,"column":48}},{"start":{"line":13,"column":52},"end":{"line":13,"column":72}}],"line":13},"5":{"loc":{"start":{"line":14,"column":17},"end":{"line":14,"column":79}},"type":"binary-expr","locations":[{"start":{"line":14,"column":17},"end":{"line":14,"column":43}},{"start":{"line":14,"column":47},"end":{"line":14,"column":79}}],"line":14},"6":{"loc":{"start":{"line":23,"column":12},"end":{"line":32,"column":13}},"type":"switch","locations":[{"start":{"line":24,"column":16},"end":{"line":26,"column":26}},{"start":{"line":27,"column":16},"end":{"line":29,"column":26}},{"start":{"line":30,"column":16},"end":{"line":31,"column":68}}],"line":23},"7":{"loc":{"start":{"line":44,"column":25},"end":{"line":44,"column":69}},"type":"binary-expr","locations":[{"start":{"line":44,"column":25},"end":{"line":44,"column":38}},{"start":{"line":44,"column":42},"end":{"line":44,"column":69}}],"line":44},"8":{"loc":{"start":{"line":55,"column":12},"end":{"line":57,"column":13}},"type":"if","locations":[{"start":{"line":55,"column":12},"end":{"line":57,"column":13}},{"start":{},"end":{}}],"line":55},"9":{"loc":{"start":{"line":75,"column":12},"end":{"line":77,"column":13}},"type":"if","locations":[{"start":{"line":75,"column":12},"end":{"line":77,"column":13}},{"start":{},"end":{}}],"line":75},"10":{"loc":{"start":{"line":96,"column":8},"end":{"line":107,"column":9}},"type":"if","locations":[{"start":{"line":96,"column":8},"end":{"line":107,"column":9}},{"start":{"line":102,"column":15},"end":{"line":107,"column":9}}],"line":96}},"s":{"0":0,"1":0,"2":0,"3":0,"4":0,"5":0,"6":0,"7":0,"8":0,"9":0,"10":0,"11":0,"12":0,"13":0,"14":0,"15":0,"16":0,"17":0,"18":0,"19":0,"20":0,"21":0,"22":0,"23":0,"24":0,"25":0,"26":0,"27":0,"28":0,"29":0,"30":0,"31":0,"32":0,"33":0,"34":0,"35":0,"36":0,"37":0,"38":0,"39":0,"40":0},"f":{"0":0,"1":0,"2":0,"3":0,"4":0,"5":0,"6":0,"7":0},"b":{"0":[0,0],"1":[0,0],"2":[0,0],"3":[0,0],"4":[0,0],"5":[0,0],"6":[0,0,0],"7":[0,0],"8":[0,0],"9":[0,0],"10":[0,0]}}
,"/home/lantum/Desktop/Projects/atcms-backend/src/services/pdfService.js": {"path":"/home/lantum/Desktop/Projects/atcms-backend/src/services/pdfService.js","statementMap":{"0":{"start":{"line":2,"column":20},"end":{"line":2,"column":37}},"1":{"start":{"line":3,"column":11},"end":{"line":3,"column":24}},"2":{"start":{"line":4,"column":13},"end":{"line":4,"column":28}},"3":{"start":{"line":5,"column":15},"end":{"line":5,"column":32}},"4":{"start":{"line":6,"column":15},"end":{"line":6,"column":41}},"5":{"start":{"line":10,"column":8},"end":{"line":10,"column":76}},"6":{"start":{"line":12,"column":8},"end":{"line":14,"column":9}},"7":{"start":{"line":13,"column":12},"end":{"line":13,"column":62}},"8":{"start":{"line":18,"column":8},"end":{"line":35,"column":9}},"9":{"start":{"line":19,"column":29},"end":{"line":19,"column":90}},"10":{"start":{"line":20,"column":29},"end":{"line":20,"column":64}},"11":{"start":{"line":22,"column":12},"end":{"line":22,"column":72}},"12":{"start":{"line":25,"column":30},"end":{"line":25,"column":69}},"13":{"start":{"line":27,"column":12},"end":{"line":31,"column":14}},"14":{"start":{"line":33,"column":12},"end":{"line":33,"column":57}},"15":{"start":{"line":34,"column":12},"end":{"line":34,"column":65}},"16":{"start":{"line":39,"column":8},"end":{"line":83,"column":11}},"17":{"start":{"line":40,"column":12},"end":{"line":82,"column":13}},"18":{"start":{"line":41,"column":28},"end":{"line":49,"column":18}},"19":{"start":{"line":52,"column":16},"end":{"line":52,"column":59}},"20":{"start":{"line":55,"column":16},"end":{"line":55,"column":36}},"21":{"start":{"line":58,"column":16},"end":{"line":58,"column":60}},"22":{"start":{"line":61,"column":16},"end":{"line":61,"column":68}},"23":{"start":{"line":65,"column":16},"end":{"line":65,"column":47}},"24":{"start":{"line":68,"column":16},"end":{"line":68,"column":55}},"25":{"start":{"line":71,"column":16},"end":{"line":71,"column":26}},"26":{"start":{"line":73,"column":16},"end":{"line":75,"column":19}},"27":{"start":{"line":74,"column":20},"end":{"line":74,"column":30}},"28":{"start":{"line":77,"column":16},"end":{"line":79,"column":19}},"29":{"start":{"line":78,"column":20},"end":{"line":78,"column":34}},"30":{"start":{"line":81,"column":16},"end":{"line":81,"column":30}},"31":{"start":{"line":90,"column":8},"end":{"line":94,"column":23}},"32":{"start":{"line":98,"column":8},"end":{"line":98,"column":25}},"33":{"start":{"line":101,"column":23},"end":{"line":101,"column":25}},"34":{"start":{"line":102,"column":23},"end":{"line":102,"column":28}},"35":{"start":{"line":103,"column":25},"end":{"line":103,"column":28}},"36":{"start":{"line":105,"column":8},"end":{"line":119,"column":24}},"37":{"start":{"line":124,"column":8},"end":{"line":124,"column":19}},"38":{"start":{"line":127,"column":8},"end":{"line":129,"column":78}},"39":{"start":{"line":132,"column":8},"end":{"line":137,"column":9}},"40":{"start":{"line":132,"column":21},"end":{"line":132,"column":22}},"41":{"start":{"line":133,"column":12},"end":{"line":136,"column":15}},"42":{"start":{"line":140,"column":8},"end":{"line":140,"column":22}},"43":{"start":{"line":145,"column":8},"end":{"line":148,"column":23}},"44":{"start":{"line":151,"column":8},"end":{"line":158,"column":24}},"45":{"start":{"line":162,"column":27},"end":{"line":162,"column":42}},"46":{"start":{"line":164,"column":8},"end":{"line":176,"column":14}},"47":{"start":{"line":181,"column":21},"end":{"line":181,"column":92}},"48":{"start":{"line":182,"column":8},"end":{"line":186,"column":35}},"49":{"start":{"line":191,"column":27},"end":{"line":191,"column":52}},"50":{"start":{"line":192,"column":24},"end":{"line":192,"column":51}},"51":{"start":{"line":193,"column":8},"end":{"line":193,"column":35}},"52":{"start":{"line":194,"column":8},"end":{"line":194,"column":37}},"53":{"start":{"line":198,"column":8},"end":{"line":204,"column":9}},"54":{"start":{"line":199,"column":37},"end":{"line":199,"column":76}},"55":{"start":{"line":200,"column":12},"end":{"line":200,"column":50}},"56":{"start":{"line":202,"column":12},"end":{"line":202,"column":66}},"57":{"start":{"line":203,"column":12},"end":{"line":203,"column":25}},"58":{"start":{"line":208,"column":0},"end":{"line":208,"column":34}}},"fnMap":{"0":{"name":"(anonymous_0)","decl":{"start":{"line":9,"column":4},"end":{"line":9,"column":5}},"loc":{"start":{"line":9,"column":18},"end":{"line":15,"column":5}},"line":9},"1":{"name":"(anonymous_1)","decl":{"start":{"line":17,"column":4},"end":{"line":17,"column":5}},"loc":{"start":{"line":17,"column":48},"end":{"line":36,"column":5}},"line":17},"2":{"name":"(anonymous_2)","decl":{"start":{"line":38,"column":4},"end":{"line":38,"column":5}},"loc":{"start":{"line":38,"column":61},"end":{"line":84,"column":5}},"line":38},"3":{"name":"(anonymous_3)","decl":{"start":{"line":39,"column":27},"end":{"line":39,"column":28}},"loc":{"start":{"line":39,"column":48},"end":{"line":83,"column":9}},"line":39},"4":{"name":"(anonymous_4)","decl":{"start":{"line":73,"column":30},"end":{"line":73,"column":31}},"loc":{"start":{"line":73,"column":36},"end":{"line":75,"column":17}},"line":73},"5":{"name":"(anonymous_5)","decl":{"start":{"line":77,"column":32},"end":{"line":77,"column":33}},"loc":{"start":{"line":77,"column":43},"end":{"line":79,"column":17}},"line":77},"6":{"name":"(anonymous_6)","decl":{"start":{"line":86,"column":4},"end":{"line":86,"column":5}},"loc":{"start":{"line":86,"column":19},"end":{"line":95,"column":5}},"line":86},"7":{"name":"(anonymous_7)","decl":{"start":{"line":97,"column":4},"end":{"line":97,"column":5}},"loc":{"start":{"line":97,"column":36},"end":{"line":120,"column":5}},"line":97},"8":{"name":"(anonymous_8)","decl":{"start":{"line":122,"column":4},"end":{"line":122,"column":5}},"loc":{"start":{"line":122,"column":33},"end":{"line":141,"column":5}},"line":122},"9":{"name":"(anonymous_9)","decl":{"start":{"line":143,"column":4},"end":{"line":143,"column":5}},"loc":{"start":{"line":143,"column":30},"end":{"line":159,"column":5}},"line":143},"10":{"name":"(anonymous_10)","decl":{"start":{"line":161,"column":4},"end":{"line":161,"column":5}},"loc":{"start":{"line":161,"column":31},"end":{"line":177,"column":5}},"line":161},"11":{"name":"(anonymous_11)","decl":{"start":{"line":179,"column":4},"end":{"line":179,"column":5}},"loc":{"start":{"line":179,"column":41},"end":{"line":187,"column":5}},"line":179},"12":{"name":"(anonymous_12)","decl":{"start":{"line":189,"column":4},"end":{"line":189,"column":5}},"loc":{"start":{"line":189,"column":39},"end":{"line":195,"column":5}},"line":189},"13":{"name":"(anonymous_13)","decl":{"start":{"line":197,"column":4},"end":{"line":197,"column":5}},"loc":{"start":{"line":197,"column":48},"end":{"line":205,"column":5}},"line":197}},"branchMap":{"0":{"loc":{"start":{"line":12,"column":8},"end":{"line":14,"column":9}},"type":"if","locations":[{"start":{"line":12,"column":8},"end":{"line":14,"column":9}},{"start":{},"end":{}}],"line":12}},"s":{"0":0,"1":0,"2":0,"3":0,"4":0,"5":0,"6":0,"7":0,"8":0,"9":0,"10":0,"11":0,"12":0,"13":0,"14":0,"15":0,"16":0,"17":0,"18":0,"19":0,"20":0,"21":0,"22":0,"23":0,"24":0,"25":0,"26":0,"27":0,"28":0,"29":0,"30":0,"31":0,"32":0,"33":0,"34":0,"35":0,"36":0,"37":0,"38":0,"39":0,"40":0,"41":0,"42":0,"43":0,"44":0,"45":0,"46":0,"47":0,"48":0,"49":0,"50":0,"51":0,"52":0,"53":0,"54":0,"55":0,"56":0,"57":0,"58":0},"f":{"0":0,"1":0,"2":0,"3":0,"4":0,"5":0,"6":0,"7":0,"8":0,"9":0,"10":0,"11":0,"12":0,"13":0},"b":{"0":[0,0]}}
,"/home/lantum/Desktop/Projects/atcms-backend/src/utils/catchAsync.js": {"path":"/home/lantum/Desktop/Projects/atcms-backend/src/utils/catchAsync.js","statementMap":{"0":{"start":{"line":2,"column":15},"end":{"line":2,"column":34}},"1":{"start":{"line":10,"column":19},"end":{"line":20,"column":1}},"2":{"start":{"line":11,"column":4},"end":{"line":19,"column":6}},"3":{"start":{"line":12,"column":8},"end":{"line":18,"column":11}},"4":{"start":{"line":13,"column":12},"end":{"line":13,"column":38}},"5":{"start":{"line":14,"column":12},"end":{"line":17,"column":15}},"6":{"start":{"line":22,"column":0},"end":{"line":22,"column":28}}},"fnMap":{"0":{"name":"(anonymous_0)","decl":{"start":{"line":10,"column":19},"end":{"line":10,"column":20}},"loc":{"start":{"line":10,"column":25},"end":{"line":20,"column":1}},"line":10},"1":{"name":"(anonymous_1)","decl":{"start":{"line":11,"column":11},"end":{"line":11,"column":12}},"loc":{"start":{"line":11,"column":31},"end":{"line":19,"column":5}},"line":11},"2":{"name":"(anonymous_2)","decl":{"start":{"line":12,"column":50},"end":{"line":12,"column":51}},"loc":{"start":{"line":12,"column":57},"end":{"line":18,"column":9}},"line":12}},"branchMap":{},"s":{"0":1,"1":1,"2":44,"3":8,"4":0,"5":0,"6":1},"f":{"0":44,"1":8,"2":0},"b":{},"_coverageSchema":"1a1c01bbd47fc00a2c39e90264f33305004495a9","hash":"f1bb3404b8bf47e57ebf0b2b3ff269b92ca0743b"}
,"/home/lantum/Desktop/Projects/atcms-backend/src/utils/logger.js": {"path":"/home/lantum/Desktop/Projects/atcms-backend/src/utils/logger.js","statementMap":{"0":{"start":{"line":2,"column":16},"end":{"line":2,"column":34}},"1":{"start":{"line":3,"column":13},"end":{"line":3,"column":28}},"2":{"start":{"line":5,"column":15},"end":{"line":31,"column":2}},"3":{"start":{"line":34,"column":0},"end":{"line":43,"column":1}},"4":{"start":{"line":35,"column":4},"end":{"line":42,"column":8}},"5":{"start":{"line":39,"column":24},"end":{"line":39,"column":74}},"6":{"start":{"line":45,"column":0},"end":{"line":45,"column":24}}},"fnMap":{"0":{"name":"(anonymous_0)","decl":{"start":{"line":39,"column":16},"end":{"line":39,"column":17}},"loc":{"start":{"line":39,"column":24},"end":{"line":39,"column":74}},"line":39}},"branchMap":{"0":{"loc":{"start":{"line":6,"column":11},"end":{"line":6,"column":67}},"type":"cond-expr","locations":[{"start":{"line":6,"column":51},"end":{"line":6,"column":57}},{"start":{"line":6,"column":60},"end":{"line":6,"column":67}}],"line":6},"1":{"loc":{"start":{"line":34,"column":0},"end":{"line":43,"column":1}},"type":"if","locations":[{"start":{"line":34,"column":0},"end":{"line":43,"column":1}},{"start":{},"end":{}}],"line":34}},"s":{"0":1,"1":1,"2":1,"3":1,"4":1,"5":1,"6":1},"f":{"0":1},"b":{"0":[0,1],"1":[1,0]},"_coverageSchema":"1a1c01bbd47fc00a2c39e90264f33305004495a9","hash":"1c82f3d218fd61cec2b9502e40f259032d32be67"}
,"/home/lantum/Desktop/Projects/atcms-backend/src/utils/validators.js": {"path":"/home/lantum/Desktop/Projects/atcms-backend/src/utils/validators.js","statementMap":{},"fnMap":{},"branchMap":{},"s":{},"f":{},"b":{}}
}
