TN:
SF:src/config/db.js
FN:5,(anonymous_0)
FNF:1
FNH:0
FNDA:0,(anonymous_0)
DA:2,0
DA:3,0
DA:5,0
DA:6,0
DA:9,0
DA:11,0
DA:12,0
DA:15,0
DA:16,0
DA:18,0
DA:20,0
DA:21,0
DA:26,0
LF:13
LH:0
BRDA:9,0,0,0
BRDA:9,0,1,0
BRDA:11,1,0,0
BRDA:11,1,1,0
BRDA:20,2,0,0
BRDA:20,2,1,0
BRF:6
BRH:0
end_of_record
TN:
SF:src/config/jwt.js
FN:4,(anonymous_0)
FN:16,(anonymous_1)
FNF:2
FNH:0
FNDA:0,(anonymous_0)
FNDA:0,(anonymous_1)
DA:2,1
DA:4,1
DA:5,0
DA:16,1
DA:17,0
DA:20,1
LF:6
LH:4
BRF:0
BRH:0
end_of_record
TN:
SF:src/controllers/authController.js
FN:7,(anonymous_0)
FN:52,(anonymous_1)
FN:92,(anonymous_2)
FNF:3
FNH:0
FNDA:0,(anonymous_0)
FNDA:0,(anonymous_1)
FNDA:0,(anonymous_2)
DA:2,1
DA:3,1
DA:4,1
DA:7,1
DA:8,0
DA:10,0
DA:11,0
DA:12,0
DA:14,0
DA:16,0
DA:17,0
DA:18,0
DA:20,0
DA:31,0
DA:33,0
DA:34,0
DA:47,0
DA:52,1
DA:53,0
DA:54,0
DA:55,0
DA:56,0
DA:58,0
DA:59,0
DA:63,0
DA:64,0
DA:66,0
DA:67,0
DA:69,0
DA:70,0
DA:71,0
DA:73,0
DA:74,0
DA:87,0
DA:92,1
DA:93,0
DA:95,0
DA:96,0
DA:97,0
DA:99,0
DA:101,0
DA:102,0
DA:103,0
DA:106,0
DA:107,0
DA:108,0
DA:111,0
DA:112,0
DA:114,0
DA:125,0
DA:127,0
DA:139,0
LF:52
LH:6
BRDA:11,0,0,0
BRDA:11,0,1,0
BRDA:17,1,0,0
BRDA:17,1,1,0
BRDA:55,2,0,0
BRDA:55,2,1,0
BRDA:63,3,0,0
BRDA:63,3,1,0
BRDA:66,4,0,0
BRDA:66,4,1,0
BRDA:70,5,0,0
BRDA:70,5,1,0
BRDA:96,6,0,0
BRDA:96,6,1,0
BRDA:102,7,0,0
BRDA:102,7,1,0
BRDA:107,8,0,0
BRDA:107,8,1,0
BRDA:111,9,0,0
BRDA:111,9,1,0
BRDA:111,10,0,0
BRDA:111,10,1,0
BRDA:111,10,2,0
BRDA:123,11,0,0
BRDA:123,11,1,0
BRF:25
BRH:0
end_of_record
TN:
SF:src/controllers/complaintController.js
FN:7,(anonymous_0)
FN:26,(anonymous_1)
FN:50,(anonymous_2)
FN:71,(anonymous_3)
FN:109,(anonymous_4)
FN:137,(anonymous_5)
FN:171,(anonymous_6)
FN:200,(anonymous_7)
FN:239,(anonymous_8)
FN:250,(anonymous_9)
FN:267,(anonymous_10)
FN:289,(anonymous_11)
FN:306,(anonymous_12)
FNF:13
FNH:0
FNDA:0,(anonymous_0)
FNDA:0,(anonymous_1)
FNDA:0,(anonymous_2)
FNDA:0,(anonymous_3)
FNDA:0,(anonymous_4)
FNDA:0,(anonymous_5)
FNDA:0,(anonymous_6)
FNDA:0,(anonymous_7)
FNDA:0,(anonymous_8)
FNDA:0,(anonymous_9)
FNDA:0,(anonymous_10)
FNDA:0,(anonymous_11)
FNDA:0,(anonymous_12)
DA:2,1
DA:3,1
DA:4,1
DA:7,1
DA:8,0
DA:14,0
DA:17,0
DA:19,0
DA:26,1
DA:27,0
DA:30,0
DA:31,0
DA:32,0
DA:33,0
DA:34,0
DA:35,0
DA:38,0
DA:43,0
DA:50,1
DA:51,0
DA:57,0
DA:58,0
DA:64,0
DA:71,1
DA:72,0
DA:73,0
DA:75,0
DA:76,0
DA:83,0
DA:86,0
DA:93,0
DA:96,0
DA:100,0
DA:102,0
DA:109,1
DA:110,0
DA:112,0
DA:113,0
DA:119,0
DA:124,0
DA:128,0
DA:130,0
DA:137,1
DA:138,0
DA:139,0
DA:141,0
DA:142,0
DA:148,0
DA:149,0
DA:150,0
DA:152,0
DA:158,0
DA:162,0
DA:164,0
DA:171,1
DA:172,0
DA:174,0
DA:191,0
DA:200,1
DA:201,0
DA:204,0
DA:205,0
DA:206,0
DA:207,0
DA:215,0
DA:235,0
DA:240,0
DA:241,0
DA:250,1
DA:251,0
DA:253,0
DA:254,0
DA:260,0
DA:261,0
DA:267,0
DA:275,0
DA:276,0
DA:280,0
DA:282,0
DA:289,1
DA:290,0
DA:292,0
DA:293,0
DA:299,0
DA:306,1
DA:307,0
DA:309,0
DA:310,0
DA:316,0
DA:317,0
DA:318,0
DA:324,0
DA:325,0
DA:327,0
LF:94
LH:14
BRDA:30,0,0,0
BRDA:30,0,1,0
BRDA:32,1,0,0
BRDA:32,1,1,0
BRDA:34,2,0,0
BRDA:34,2,1,0
BRDA:57,3,0,0
BRDA:57,3,1,0
BRDA:75,4,0,0
BRDA:75,4,1,0
BRDA:112,5,0,0
BRDA:112,5,1,0
BRDA:141,6,0,0
BRDA:141,6,1,0
BRDA:204,7,0,0
BRDA:204,7,1,0
BRDA:206,8,0,0
BRDA:206,8,1,0
BRDA:253,9,0,0
BRDA:253,9,1,0
BRDA:260,10,0,0
BRDA:260,10,1,0
BRDA:260,11,0,0
BRDA:260,11,1,0
BRDA:292,12,0,0
BRDA:292,12,1,0
BRDA:309,13,0,0
BRDA:309,13,1,0
BRDA:317,14,0,0
BRDA:317,14,1,0
BRF:30
BRH:0
end_of_record
TN:
SF:src/controllers/transcriptController.js
FN:17,(anonymous_0)
FN:84,(anonymous_1)
FN:103,(anonymous_2)
FN:123,(anonymous_3)
FN:157,(anonymous_4)
FN:176,(anonymous_5)
FN:216,(anonymous_6)
FN:252,(anonymous_7)
FN:255,(anonymous_8)
FN:258,(anonymous_9)
FN:266,(anonymous_10)
FN:295,(anonymous_11)
FN:313,(anonymous_12)
FN:334,(anonymous_13)
FNF:14
FNH:1
FNDA:4,(anonymous_0)
FNDA:0,(anonymous_1)
FNDA:0,(anonymous_2)
FNDA:0,(anonymous_3)
FNDA:0,(anonymous_4)
FNDA:0,(anonymous_5)
FNDA:0,(anonymous_6)
FNDA:0,(anonymous_7)
FNDA:0,(anonymous_8)
FNDA:0,(anonymous_9)
FNDA:0,(anonymous_10)
FNDA:0,(anonymous_11)
FNDA:0,(anonymous_12)
FNDA:0,(anonymous_13)
DA:3,1
DA:4,1
DA:5,1
DA:6,1
DA:7,1
DA:8,1
DA:9,1
DA:10,1
DA:11,1
DA:12,1
DA:17,1
DA:19,4
DA:20,1
DA:34,3
DA:37,3
DA:42,3
DA:43,3
DA:44,0
DA:53,3
DA:54,3
DA:55,0
DA:56,0
DA:62,3
DA:69,0
DA:77,0
DA:84,1
DA:85,0
DA:86,0
DA:93,0
DA:96,0
DA:103,1
DA:104,0
DA:105,0
DA:106,0
DA:112,0
DA:113,0
DA:119,0
DA:123,1
DA:124,0
DA:125,0
DA:126,0
DA:132,0
DA:133,0
DA:139,0
DA:140,0
DA:146,0
DA:147,0
DA:153,0
DA:157,1
DA:158,0
DA:159,0
DA:160,0
DA:161,0
DA:162,0
DA:163,0
DA:164,0
DA:165,0
DA:168,0
DA:172,0
DA:176,1
DA:177,0
DA:178,0
DA:179,0
DA:180,0
DA:187,0
DA:188,0
DA:195,0
DA:196,0
DA:198,0
DA:199,0
DA:200,0
DA:202,0
DA:204,0
DA:205,0
DA:207,0
DA:211,0
DA:212,0
DA:216,1
DA:222,0
DA:248,0
DA:253,0
DA:256,0
DA:259,0
DA:266,1
DA:267,0
DA:268,0
DA:269,0
DA:276,0
DA:277,0
DA:278,0
DA:279,0
DA:280,0
DA:281,0
DA:283,0
DA:295,1
DA:296,0
DA:297,0
DA:298,0
DA:304,0
DA:305,0
DA:306,0
DA:307,0
DA:309,0
DA:313,1
DA:314,0
DA:324,0
DA:328,0
DA:334,1
DA:335,0
DA:337,0
DA:338,0
DA:339,0
LF:112
LH:30
BRDA:19,0,0,1
BRDA:19,0,1,3
BRDA:42,1,0,2
BRDA:42,1,1,1
BRDA:43,2,0,0
BRDA:43,2,1,3
BRDA:46,3,0,0
BRDA:46,3,1,0
BRDA:55,4,0,0
BRDA:55,4,1,0
BRDA:85,5,0,0
BRDA:85,5,1,0
BRDA:85,6,0,0
BRDA:85,6,1,0
BRDA:105,7,0,0
BRDA:105,7,1,0
BRDA:112,8,0,0
BRDA:112,8,1,0
BRDA:112,9,0,0
BRDA:112,9,1,0
BRDA:125,10,0,0
BRDA:125,10,1,0
BRDA:132,11,0,0
BRDA:132,11,1,0
BRDA:132,12,0,0
BRDA:132,12,1,0
BRDA:139,13,0,0
BRDA:139,13,1,0
BRDA:146,14,0,0
BRDA:146,14,1,0
BRDA:160,15,0,0
BRDA:160,15,1,0
BRDA:161,16,0,0
BRDA:161,16,1,0
BRDA:162,17,0,0
BRDA:162,17,1,0
BRDA:162,18,0,0
BRDA:162,18,1,0
BRDA:164,19,0,0
BRDA:164,19,1,0
BRDA:165,20,0,0
BRDA:165,20,1,0
BRDA:179,21,0,0
BRDA:179,21,1,0
BRDA:195,22,0,0
BRDA:195,22,1,0
BRDA:198,23,0,0
BRDA:198,23,1,0
BRDA:204,24,0,0
BRDA:204,24,1,0
BRDA:268,25,0,0
BRDA:268,25,1,0
BRDA:278,26,0,0
BRDA:278,26,1,0
BRDA:279,27,0,0
BRDA:279,27,1,0
BRDA:279,27,2,0
BRDA:297,28,0,0
BRDA:297,28,1,0
BRDA:337,29,0,0
BRDA:337,29,1,0
BRF:61
BRH:5
end_of_record
TN:
SF:src/controllers/userController.js
FNF:0
FNH:0
LF:0
LH:0
BRF:0
BRH:0
end_of_record
TN:
SF:src/middleware/authMiddleware.js
FN:5,(anonymous_0)
FN:24,(anonymous_1)
FN:25,(anonymous_2)
FNF:3
FNH:3
FNDA:4,(anonymous_0)
FNDA:14,(anonymous_1)
FNDA:4,(anonymous_2)
DA:2,1
DA:3,1
DA:5,1
DA:6,4
DA:7,4
DA:8,4
DA:9,0
DA:11,4
DA:12,4
DA:13,4
DA:14,4
DA:15,0
DA:17,4
DA:18,4
DA:20,0
DA:24,1
DA:25,14
DA:26,4
DA:27,0
DA:33,4
LF:20
LH:16
BRDA:8,0,0,0
BRDA:8,0,1,4
BRDA:8,1,0,4
BRDA:8,1,1,4
BRDA:14,2,0,0
BRDA:14,2,1,4
BRDA:14,3,0,4
BRDA:14,3,1,4
BRDA:26,4,0,0
BRDA:26,4,1,4
BRF:10
BRH:7
end_of_record
TN:
SF:src/middleware/errorMiddleware.js
FN:4,(anonymous_0)
FNF:1
FNH:0
FNDA:0,(anonymous_0)
DA:2,1
DA:4,1
DA:5,0
DA:6,0
DA:9,0
DA:10,0
DA:12,0
DA:20,1
LF:8
LH:3
BRDA:9,0,0,0
BRDA:9,0,1,0
BRDA:10,1,0,0
BRDA:10,1,1,0
BRDA:13,2,0,0
BRDA:13,2,1,0
BRDA:16,3,0,0
BRDA:16,3,1,0
BRF:8
BRH:0
end_of_record
TN:
SF:src/middleware/rateLimitMiddleware.js
FNF:0
FNH:0
LF:0
LH:0
BRF:0
BRH:0
end_of_record
TN:
SF:src/middleware/roleMiddleware.js
FN:5,(anonymous_0)
FN:6,(anonymous_1)
FNF:2
FNH:1
FNDA:1,(anonymous_0)
FNDA:0,(anonymous_1)
DA:5,1
DA:6,1
DA:7,0
DA:8,0
DA:14,0
LF:5
LH:2
BRDA:5,0,0,0
BRDA:7,1,0,0
BRDA:7,1,1,0
BRDA:7,2,0,0
BRDA:7,2,1,0
BRDA:7,2,2,0
BRF:6
BRH:0
end_of_record
TN:
SF:src/middleware/uploadMiddleware.js
FN:14,(anonymous_0)
FN:17,(anonymous_1)
FN:25,(anonymous_2)
FN:48,(anonymous_3)
FN:51,(anonymous_4)
FN:84,(anonymous_5)
FNF:6
FNH:0
FNDA:0,(anonymous_0)
FNDA:0,(anonymous_1)
FNDA:0,(anonymous_2)
FNDA:0,(anonymous_3)
FNDA:0,(anonymous_4)
FNDA:0,(anonymous_5)
DA:2,1
DA:3,1
DA:4,1
DA:7,1
DA:8,1
DA:9,0
DA:13,1
DA:15,0
DA:19,0
DA:20,0
DA:25,1
DA:26,0
DA:28,0
DA:29,0
DA:31,0
DA:36,1
DA:41,1
DA:48,1
DA:49,0
DA:51,0
DA:52,0
DA:53,0
DA:54,0
DA:60,0
DA:61,0
DA:67,0
DA:72,0
DA:73,0
DA:79,0
DA:84,1
DA:85,0
DA:86,0
DA:87,0
DA:89,0
LF:34
LH:11
BRDA:8,0,0,0
BRDA:8,0,1,1
BRDA:28,1,0,0
BRDA:28,1,1,0
BRDA:52,2,0,0
BRDA:52,2,1,0
BRDA:53,3,0,0
BRDA:53,3,1,0
BRDA:60,4,0,0
BRDA:60,4,1,0
BRDA:72,5,0,0
BRDA:72,5,1,0
BRF:12
BRH:1
end_of_record
TN:
SF:src/middleware/validationMiddleware.js
FN:27,(anonymous_0)
FNF:1
FNH:0
FNDA:0,(anonymous_0)
DA:2,1
DA:4,1
DA:28,0
DA:29,0
DA:30,0
DA:37,0
LF:6
LH:2
BRDA:29,0,0,0
BRDA:29,0,1,0
BRF:2
BRH:0
end_of_record
TN:
SF:src/models/complaintModel.js
FN:28,(anonymous_0)
FN:31,(anonymous_1)
FN:139,(anonymous_2)
FN:157,(anonymous_3)
FN:161,(anonymous_4)
FNF:5
FNH:0
FNDA:0,(anonymous_0)
FNDA:0,(anonymous_1)
FNDA:0,(anonymous_2)
FNDA:0,(anonymous_3)
FNDA:0,(anonymous_4)
DA:2,1
DA:4,1
DA:29,0
DA:31,0
DA:139,1
DA:140,0
DA:141,0
DA:142,0
DA:145,0
DA:146,0
DA:153,0
DA:157,1
DA:158,0
DA:161,1
DA:162,0
DA:165,1
DA:166,1
LF:17
LH:7
BRDA:29,0,0,0
BRDA:29,0,1,0
BRDA:140,1,0,0
BRDA:140,1,1,0
BRDA:141,2,0,0
BRDA:141,2,1,0
BRDA:145,3,0,0
BRDA:145,3,1,0
BRDA:148,4,0,0
BRDA:148,4,1,0
BRF:10
BRH:0
end_of_record
TN:
SF:src/models/transcriptModel.js
FN:18,(anonymous_0)
FN:49,(anonymous_1)
FN:80,(anonymous_2)
FN:84,(anonymous_3)
FN:155,(anonymous_4)
FN:180,(anonymous_5)
FNF:6
FNH:3
FNDA:1,(anonymous_0)
FNDA:1,(anonymous_1)
FNDA:1,(anonymous_2)
FNDA:0,(anonymous_3)
FNDA:0,(anonymous_4)
FNDA:0,(anonymous_5)
DA:1,1
DA:3,1
DA:18,1
DA:50,1
DA:51,0
DA:53,1
DA:58,1
DA:81,1
DA:85,0
DA:155,1
DA:156,0
DA:157,0
DA:159,0
DA:160,0
DA:161,0
DA:163,0
DA:164,0
DA:165,0
DA:167,0
DA:168,0
DA:169,0
DA:171,0
DA:172,0
DA:173,0
DA:174,0
DA:177,0
DA:180,1
DA:181,0
DA:183,0
DA:184,0
DA:185,0
DA:187,0
DA:188,0
DA:189,0
DA:190,0
DA:191,0
DA:192,0
DA:196,1
DA:197,1
LF:39
LH:11
BRDA:50,0,0,0
BRDA:50,0,1,1
BRDA:85,1,0,0
BRDA:85,1,1,0
BRDA:156,2,0,0
BRDA:156,2,1,0
BRDA:156,3,0,0
BRDA:156,3,1,0
BRDA:157,4,0,0
BRDA:157,4,1,0
BRDA:157,4,2,0
BRDA:157,4,3,0
BRDA:181,5,0,0
BRDA:181,5,1,0
BRDA:187,6,0,0
BRDA:187,6,1,0
BRDA:187,6,2,0
BRDA:187,6,3,0
BRDA:187,6,4,0
BRF:19
BRH:1
end_of_record
TN:
SF:src/models/userModel.js
FN:17,(anonymous_0)
FN:29,(anonymous_1)
FN:35,(anonymous_2)
FN:39,(anonymous_3)
FN:53,(anonymous_4)
FN:61,(anonymous_5)
FNF:6
FNH:5
FNDA:7,(anonymous_0)
FNDA:7,(anonymous_1)
FNDA:7,(anonymous_2)
FNDA:7,(anonymous_3)
FNDA:7,(anonymous_4)
FNDA:0,(anonymous_5)
DA:2,1
DA:3,1
DA:5,1
DA:12,1
DA:18,7
DA:30,7
DA:36,7
DA:40,7
DA:41,0
DA:53,1
DA:54,7
DA:55,7
DA:56,7
DA:57,7
DA:61,1
DA:62,0
DA:65,1
DA:66,1
LF:18
LH:16
BRDA:40,0,0,7
BRDA:40,0,1,0
BRDA:41,1,0,0
BRDA:41,1,1,0
BRDA:54,2,0,0
BRDA:54,2,1,7
BRF:6
BRH:2
end_of_record
TN:
SF:src/routes/authRoutes.js
FNF:0
FNH:0
DA:2,1
DA:3,1
DA:4,1
DA:5,1
DA:6,1
DA:7,1
DA:9,1
DA:12,1
DA:22,1
DA:28,1
DA:37,1
DA:38,1
DA:41,1
DA:49,1
LF:14
LH:14
BRF:0
BRH:0
end_of_record
TN:
SF:src/routes/complaintRoutes.js
FNF:0
FNH:0
DA:2,1
DA:3,1
DA:4,1
DA:5,1
DA:6,1
DA:7,1
DA:8,1
DA:11,1
DA:14,1
DA:20,1
DA:21,1
DA:24,1
DA:32,1
DA:37,1
DA:42,1
DA:48,1
DA:53,1
DA:59,1
DA:63,1
DA:68,1
DA:73,1
LF:21
LH:21
BRF:0
BRH:0
end_of_record
TN:
SF:src/routes/transcriptRoutes.js
FNF:0
FNH:0
DA:3,1
DA:4,1
DA:5,1
DA:6,1
DA:7,1
DA:8,1
DA:11,1
DA:43,1
DA:46,1
DA:54,1
DA:60,1
DA:66,1
DA:72,1
DA:78,1
DA:87,1
DA:94,1
DA:101,1
DA:107,1
LF:18
LH:18
BRF:0
BRH:0
end_of_record
TN:
SF:src/routes/userRoutes.js
FNF:0
FNH:0
LF:0
LH:0
BRF:0
BRH:0
end_of_record
TN:
SF:src/services/analyticsService.js
FN:6,(anonymous_0)
FN:107,(anonymous_1)
FN:128,(anonymous_2)
FN:136,(anonymous_3)
FN:151,(anonymous_4)
FN:226,(anonymous_5)
FN:227,(anonymous_6)
FN:228,(anonymous_7)
FN:234,(anonymous_8)
FNF:9
FNH:0
FNDA:0,(anonymous_0)
FNDA:0,(anonymous_1)
FNDA:0,(anonymous_2)
FNDA:0,(anonymous_3)
FNDA:0,(anonymous_4)
FNDA:0,(anonymous_5)
FNDA:0,(anonymous_6)
FNDA:0,(anonymous_7)
FNDA:0,(anonymous_8)
DA:2,0
DA:3,0
DA:7,0
DA:8,0
DA:9,0
DA:10,0
DA:11,0
DA:12,0
DA:22,0
DA:106,0
DA:107,0
DA:109,0
DA:110,0
DA:111,0
DA:112,0
DA:113,0
DA:114,0
DA:115,0
DA:116,0
DA:117,0
DA:119,0
DA:122,0
DA:129,0
DA:134,0
DA:137,0
DA:141,0
DA:146,0
DA:147,0
DA:152,0
DA:153,0
DA:154,0
DA:160,0
DA:211,0
DA:221,0
DA:222,0
DA:227,0
DA:228,0
DA:229,0
DA:230,0
DA:235,0
DA:236,0
DA:237,0
DA:239,0
DA:275,0
DA:282,0
DA:283,0
DA:288,0
LF:47
LH:0
BRDA:9,0,0,0
BRDA:9,0,1,0
BRDA:9,1,0,0
BRDA:9,1,1,0
BRDA:11,2,0,0
BRDA:11,2,1,0
BRDA:12,3,0,0
BRDA:12,3,1,0
BRDA:109,4,0,0
BRDA:109,4,1,0
BRDA:109,4,2,0
BRDA:109,4,3,0
BRDA:126,5,0,0
BRDA:126,5,1,0
BRDA:213,6,0,0
BRDA:213,6,1,0
BRDA:216,7,0,0
BRDA:216,7,1,0
BRDA:234,8,0,0
BRDA:275,9,0,0
BRDA:275,9,1,0
BRF:21
BRH:0
end_of_record
TN:
SF:src/services/emailService.js
FN:6,(anonymous_0)
FN:18,(anonymous_1)
FN:36,(anonymous_2)
FN:56,(anonymous_3)
FN:72,(anonymous_4)
FN:90,(anonymous_5)
FN:108,(anonymous_6)
FNF:7
FNH:0
FNDA:0,(anonymous_0)
FNDA:0,(anonymous_1)
FNDA:0,(anonymous_2)
FNDA:0,(anonymous_3)
FNDA:0,(anonymous_4)
FNDA:0,(anonymous_5)
FNDA:0,(anonymous_6)
DA:2,0
DA:3,0
DA:8,0
DA:19,0
DA:20,0
DA:27,0
DA:28,0
DA:29,0
DA:31,0
DA:32,0
DA:37,0
DA:38,0
DA:53,0
DA:57,0
DA:58,0
DA:69,0
DA:73,0
DA:74,0
DA:87,0
DA:91,0
DA:92,0
DA:105,0
DA:109,0
DA:110,0
DA:117,0
DA:121,0
LF:26
LH:0
BRDA:9,0,0,0
BRDA:9,0,1,0
BRDA:10,1,0,0
BRDA:10,1,1,0
BRDA:12,2,0,0
BRDA:12,2,1,0
BRDA:13,3,0,0
BRDA:13,3,1,0
BRDA:21,4,0,0
BRDA:21,4,1,0
BRDA:62,5,0,0
BRDA:62,5,1,0
BRF:12
BRH:0
end_of_record
TN:
SF:src/services/paymentService.js
FN:19,(anonymous_0)
FN:49,(anonymous_1)
FN:69,(anonymous_2)
FN:89,(anonymous_3)
FN:91,(anonymous_4)
FN:110,(anonymous_5)
FN:114,(anonymous_6)
FN:127,(anonymous_7)
FNF:8
FNH:0
FNDA:0,(anonymous_0)
FNDA:0,(anonymous_1)
FNDA:0,(anonymous_2)
FNDA:0,(anonymous_3)
FNDA:0,(anonymous_4)
FNDA:0,(anonymous_5)
FNDA:0,(anonymous_6)
FNDA:0,(anonymous_7)
DA:2,0
DA:5,0
DA:20,0
DA:23,0
DA:25,0
DA:26,0
DA:28,0
DA:29,0
DA:31,0
DA:34,0
DA:41,0
DA:42,0
DA:51,0
DA:53,0
DA:55,0
DA:56,0
DA:59,0
DA:65,0
DA:71,0
DA:73,0
DA:75,0
DA:76,0
DA:79,0
DA:85,0
DA:91,0
DA:94,0
DA:96,0
DA:97,0
DA:103,0
DA:112,0
DA:114,0
DA:116,0
DA:122,0
DA:123,0
DA:129,0
DA:131,0
DA:137,0
DA:138,0
DA:143,0
LF:39
LH:0
BRDA:7,0,0,0
BRDA:7,0,1,0
BRDA:8,1,0,0
BRDA:8,1,1,0
BRDA:9,2,0,0
BRDA:9,2,1,0
BRDA:12,3,0,0
BRDA:12,3,1,0
BRDA:13,4,0,0
BRDA:13,4,1,0
BRDA:14,5,0,0
BRDA:14,5,1,0
BRDA:23,6,0,0
BRDA:23,6,1,0
BRDA:23,6,2,0
BRDA:44,7,0,0
BRDA:44,7,1,0
BRDA:55,8,0,0
BRDA:55,8,1,0
BRDA:75,9,0,0
BRDA:75,9,1,0
BRDA:96,10,0,0
BRDA:96,10,1,0
BRF:23
BRH:0
end_of_record
TN:
SF:src/services/pdfService.js
FN:9,(anonymous_0)
FN:17,(anonymous_1)
FN:38,(anonymous_2)
FN:39,(anonymous_3)
FN:73,(anonymous_4)
FN:77,(anonymous_5)
FN:86,(anonymous_6)
FN:97,(anonymous_7)
FN:122,(anonymous_8)
FN:143,(anonymous_9)
FN:161,(anonymous_10)
FN:179,(anonymous_11)
FN:189,(anonymous_12)
FN:197,(anonymous_13)
FNF:14
FNH:0
FNDA:0,(anonymous_0)
FNDA:0,(anonymous_1)
FNDA:0,(anonymous_2)
FNDA:0,(anonymous_3)
FNDA:0,(anonymous_4)
FNDA:0,(anonymous_5)
FNDA:0,(anonymous_6)
FNDA:0,(anonymous_7)
FNDA:0,(anonymous_8)
FNDA:0,(anonymous_9)
FNDA:0,(anonymous_10)
FNDA:0,(anonymous_11)
FNDA:0,(anonymous_12)
FNDA:0,(anonymous_13)
DA:2,0
DA:3,0
DA:4,0
DA:5,0
DA:6,0
DA:10,0
DA:12,0
DA:13,0
DA:18,0
DA:19,0
DA:20,0
DA:22,0
DA:25,0
DA:27,0
DA:33,0
DA:34,0
DA:39,0
DA:40,0
DA:41,0
DA:52,0
DA:55,0
DA:58,0
DA:61,0
DA:65,0
DA:68,0
DA:71,0
DA:73,0
DA:74,0
DA:77,0
DA:78,0
DA:81,0
DA:90,0
DA:98,0
DA:101,0
DA:102,0
DA:103,0
DA:105,0
DA:124,0
DA:127,0
DA:132,0
DA:133,0
DA:140,0
DA:145,0
DA:151,0
DA:162,0
DA:164,0
DA:181,0
DA:182,0
DA:191,0
DA:192,0
DA:193,0
DA:194,0
DA:198,0
DA:199,0
DA:200,0
DA:202,0
DA:203,0
DA:208,0
LF:58
LH:0
BRDA:12,0,0,0
BRDA:12,0,1,0
BRF:2
BRH:0
end_of_record
TN:
SF:src/utils/catchAsync.js
FN:10,(anonymous_0)
FN:11,(anonymous_1)
FN:12,(anonymous_2)
FNF:3
FNH:2
FNDA:44,(anonymous_0)
FNDA:8,(anonymous_1)
FNDA:0,(anonymous_2)
DA:2,1
DA:10,1
DA:11,44
DA:12,8
DA:13,0
DA:14,0
DA:22,1
LF:7
LH:5
BRF:0
BRH:0
end_of_record
TN:
SF:src/utils/logger.js
FN:39,(anonymous_0)
FNF:1
FNH:1
FNDA:1,(anonymous_0)
DA:2,1
DA:3,1
DA:5,1
DA:34,1
DA:35,1
DA:39,1
DA:45,1
LF:7
LH:7
BRDA:6,0,0,0
BRDA:6,0,1,1
BRDA:34,1,0,1
BRDA:34,1,1,0
BRF:4
BRH:2
end_of_record
TN:
SF:src/utils/validators.js
FNF:0
FNH:0
LF:0
LH:0
BRF:0
BRH:0
end_of_record
